22-Nov-2018 11:45:03.770 信息 [main] org.apache.catalina.startup.VersionLoggerListener.log Server version:        Apache Tomcat/8.0.53
22-Nov-2018 11:45:03.787 信息 [main] org.apache.catalina.startup.VersionLoggerListener.log Server built:          Jun 29 2018 14:42:45 UTC
22-Nov-2018 11:45:03.794 信息 [main] org.apache.catalina.startup.VersionLoggerListener.log Server number:         8.0.53.0
22-Nov-2018 11:45:03.794 信息 [main] org.apache.catalina.startup.VersionLoggerListener.log OS Name:               Windows 10
22-Nov-2018 11:45:03.795 信息 [main] org.apache.catalina.startup.VersionLoggerListener.log OS Version:            10.0
22-Nov-2018 11:45:03.795 信息 [main] org.apache.catalina.startup.VersionLoggerListener.log Architecture:          amd64
22-Nov-2018 11:45:03.796 信息 [main] org.apache.catalina.startup.VersionLoggerListener.log Java Home:             C:\Program Files\Java\jdk1.8.0_92\jre
22-Nov-2018 11:45:03.796 信息 [main] org.apache.catalina.startup.VersionLoggerListener.log JVM Version:           1.8.0_92-b14
22-Nov-2018 11:45:03.796 信息 [main] org.apache.catalina.startup.VersionLoggerListener.log JVM Vendor:            Oracle Corporation
22-Nov-2018 11:45:03.797 信息 [main] org.apache.catalina.startup.VersionLoggerListener.log CATALINA_BASE:         D:\apache-tomcat-8.0.53
22-Nov-2018 11:45:03.797 信息 [main] org.apache.catalina.startup.VersionLoggerListener.log CATALINA_HOME:         D:\apache-tomcat-8.0.53
22-Nov-2018 11:45:03.798 信息 [main] org.apache.catalina.startup.VersionLoggerListener.log Command line argument: -Djava.util.logging.config.file=D:\apache-tomcat-8.0.53\conf\logging.properties
22-Nov-2018 11:45:03.799 信息 [main] org.apache.catalina.startup.VersionLoggerListener.log Command line argument: -Djava.util.logging.manager=org.apache.juli.ClassLoaderLogManager
22-Nov-2018 11:45:03.799 信息 [main] org.apache.catalina.startup.VersionLoggerListener.log Command line argument: -Djdk.tls.ephemeralDHKeySize=2048
22-Nov-2018 11:45:03.800 信息 [main] org.apache.catalina.startup.VersionLoggerListener.log Command line argument: -Djava.protocol.handler.pkgs=org.apache.catalina.webresources
22-Nov-2018 11:45:03.800 信息 [main] org.apache.catalina.startup.VersionLoggerListener.log Command line argument: -Dignore.endorsed.dirs=
22-Nov-2018 11:45:03.801 信息 [main] org.apache.catalina.startup.VersionLoggerListener.log Command line argument: -Dcatalina.base=D:\apache-tomcat-8.0.53
22-Nov-2018 11:45:03.815 信息 [main] org.apache.catalina.startup.VersionLoggerListener.log Command line argument: -Dcatalina.home=D:\apache-tomcat-8.0.53
22-Nov-2018 11:45:03.824 信息 [main] org.apache.catalina.startup.VersionLoggerListener.log Command line argument: -Djava.io.tmpdir=D:\apache-tomcat-8.0.53\temp
22-Nov-2018 11:45:03.828 信息 [main] org.apache.catalina.core.AprLifecycleListener.lifecycleEvent Loaded APR based Apache Tomcat Native library 1.2.17 using APR version 1.6.3.
22-Nov-2018 11:45:03.829 信息 [main] org.apache.catalina.core.AprLifecycleListener.lifecycleEvent APR capabilities: IPv6 [true], sendfile [true], accept filters [false], random [true].
22-Nov-2018 11:45:05.013 信息 [main] org.apache.catalina.core.AprLifecycleListener.initializeSSL OpenSSL successfully initialized (OpenSSL 1.0.2o  27 Mar 2018)
22-Nov-2018 11:45:05.660 信息 [main] org.apache.coyote.AbstractProtocol.init Initializing ProtocolHandler ["http-apr-8080"]
22-Nov-2018 11:45:05.701 信息 [main] org.apache.coyote.AbstractProtocol.init Initializing ProtocolHandler ["ajp-apr-8009"]
22-Nov-2018 11:45:05.710 信息 [main] org.apache.catalina.startup.Catalina.load Initialization processed in 3246 ms
22-Nov-2018 11:45:05.805 信息 [main] org.apache.catalina.core.StandardService.startInternal Starting service Catalina
22-Nov-2018 11:45:05.810 信息 [main] org.apache.catalina.core.StandardEngine.startInternal Starting Servlet Engine: Apache Tomcat/8.0.53
22-Nov-2018 11:45:05.848 信息 [localhost-startStop-1] org.apache.catalina.startup.HostConfig.deployDirectory Deploying web application directory D:\apache-tomcat-8.0.53\webapps\ch1
22-Nov-2018 11:45:08.241 警告 [localhost-startStop-1] org.apache.catalina.util.SessionIdGeneratorBase.createSecureRandom Creation of SecureRandom instance for session ID generation using [SHA1PRNG] took [1,378] milliseconds.
22-Nov-2018 11:45:08.350 信息 [localhost-startStop-1] org.apache.catalina.startup.HostConfig.deployDirectory Deployment of web application directory D:\apache-tomcat-8.0.53\webapps\ch1 has finished in 2,502 ms
22-Nov-2018 11:45:08.350 信息 [localhost-startStop-1] org.apache.catalina.startup.HostConfig.deployDirectory Deploying web application directory D:\apache-tomcat-8.0.53\webapps\ch10
22-Nov-2018 11:45:08.559 信息 [localhost-startStop-1] org.apache.catalina.startup.HostConfig.deployDirectory Deployment of web application directory D:\apache-tomcat-8.0.53\webapps\ch10 has finished in 209 ms
22-Nov-2018 11:45:08.566 信息 [localhost-startStop-1] org.apache.catalina.startup.HostConfig.deployDirectory Deploying web application directory D:\apache-tomcat-8.0.53\webapps\ch2
22-Nov-2018 11:45:08.655 信息 [localhost-startStop-1] org.apache.catalina.startup.HostConfig.deployDirectory Deployment of web application directory D:\apache-tomcat-8.0.53\webapps\ch2 has finished in 89 ms
22-Nov-2018 11:45:08.665 信息 [localhost-startStop-1] org.apache.catalina.startup.HostConfig.deployDirectory Deploying web application directory D:\apache-tomcat-8.0.53\webapps\ch3
22-Nov-2018 11:45:08.751 信息 [localhost-startStop-1] org.apache.catalina.startup.HostConfig.deployDirectory Deployment of web application directory D:\apache-tomcat-8.0.53\webapps\ch3 has finished in 86 ms
22-Nov-2018 11:45:08.752 信息 [localhost-startStop-1] org.apache.catalina.startup.HostConfig.deployDirectory Deploying web application directory D:\apache-tomcat-8.0.53\webapps\ch4
22-Nov-2018 11:45:08.931 信息 [localhost-startStop-1] org.apache.catalina.startup.HostConfig.deployDirectory Deployment of web application directory D:\apache-tomcat-8.0.53\webapps\ch4 has finished in 179 ms
22-Nov-2018 11:45:08.942 信息 [localhost-startStop-1] org.apache.catalina.startup.HostConfig.deployDirectory Deploying web application directory D:\apache-tomcat-8.0.53\webapps\ch5
22-Nov-2018 11:45:09.111 信息 [localhost-startStop-1] org.apache.catalina.startup.HostConfig.deployDirectory Deployment of web application directory D:\apache-tomcat-8.0.53\webapps\ch5 has finished in 180 ms
22-Nov-2018 11:45:09.111 信息 [localhost-startStop-1] org.apache.catalina.startup.HostConfig.deployDirectory Deploying web application directory D:\apache-tomcat-8.0.53\webapps\ch6
22-Nov-2018 11:45:09.413 信息 [localhost-startStop-1] org.apache.catalina.startup.HostConfig.deployDirectory Deployment of web application directory D:\apache-tomcat-8.0.53\webapps\ch6 has finished in 301 ms
22-Nov-2018 11:45:09.415 信息 [localhost-startStop-1] org.apache.catalina.startup.HostConfig.deployDirectory Deploying web application directory D:\apache-tomcat-8.0.53\webapps\ch7
22-Nov-2018 11:45:09.644 信息 [localhost-startStop-1] org.apache.catalina.startup.HostConfig.deployDirectory Deployment of web application directory D:\apache-tomcat-8.0.53\webapps\ch7 has finished in 228 ms
22-Nov-2018 11:45:09.646 信息 [localhost-startStop-1] org.apache.catalina.startup.HostConfig.deployDirectory Deploying web application directory D:\apache-tomcat-8.0.53\webapps\docs
22-Nov-2018 11:45:09.778 信息 [localhost-startStop-1] org.apache.catalina.startup.HostConfig.deployDirectory Deployment of web application directory D:\apache-tomcat-8.0.53\webapps\docs has finished in 132 ms
22-Nov-2018 11:45:09.802 信息 [localhost-startStop-1] org.apache.catalina.startup.HostConfig.deployDirectory Deploying web application directory D:\apache-tomcat-8.0.53\webapps\examples
22-Nov-2018 11:45:12.538 信息 [localhost-startStop-1] org.apache.catalina.startup.HostConfig.deployDirectory Deployment of web application directory D:\apache-tomcat-8.0.53\webapps\examples has finished in 2,741 ms
22-Nov-2018 11:45:12.543 信息 [localhost-startStop-1] org.apache.catalina.startup.HostConfig.deployDirectory Deploying web application directory D:\apache-tomcat-8.0.53\webapps\host-manager
22-Nov-2018 11:45:12.737 信息 [localhost-startStop-1] org.apache.catalina.startup.HostConfig.deployDirectory Deployment of web application directory D:\apache-tomcat-8.0.53\webapps\host-manager has finished in 195 ms
22-Nov-2018 11:45:12.737 信息 [localhost-startStop-1] org.apache.catalina.startup.HostConfig.deployDirectory Deploying web application directory D:\apache-tomcat-8.0.53\webapps\manager
22-Nov-2018 11:45:12.938 信息 [localhost-startStop-1] org.apache.catalina.startup.HostConfig.deployDirectory Deployment of web application directory D:\apache-tomcat-8.0.53\webapps\manager has finished in 200 ms
22-Nov-2018 11:45:12.955 信息 [localhost-startStop-1] org.apache.catalina.startup.HostConfig.deployDirectory Deploying web application directory D:\apache-tomcat-8.0.53\webapps\ROOT
22-Nov-2018 11:45:13.109 信息 [localhost-startStop-1] org.apache.catalina.startup.HostConfig.deployDirectory Deployment of web application directory D:\apache-tomcat-8.0.53\webapps\ROOT has finished in 155 ms
22-Nov-2018 11:45:13.129 信息 [main] org.apache.coyote.AbstractProtocol.start Starting ProtocolHandler ["http-apr-8080"]
22-Nov-2018 11:45:13.181 信息 [main] org.apache.coyote.AbstractProtocol.start Starting ProtocolHandler ["ajp-apr-8009"]
22-Nov-2018 11:45:13.208 信息 [main] org.apache.catalina.startup.Catalina.start Server startup in 7498 ms
22-Nov-2018 12:47:35.143 信息 [Thread-3] org.apache.coyote.AbstractProtocol.pause Pausing ProtocolHandler ["http-apr-8080"]
22-Nov-2018 13:37:41.360 信息 [main] org.apache.catalina.startup.VersionLoggerListener.log Server version:        Apache Tomcat/8.0.53
22-Nov-2018 13:37:41.366 信息 [main] org.apache.catalina.startup.VersionLoggerListener.log Server built:          Jun 29 2018 14:42:45 UTC
22-Nov-2018 13:37:41.369 信息 [main] org.apache.catalina.startup.VersionLoggerListener.log Server number:         8.0.53.0
22-Nov-2018 13:37:41.369 信息 [main] org.apache.catalina.startup.VersionLoggerListener.log OS Name:               Windows 10
22-Nov-2018 13:37:41.369 信息 [main] org.apache.catalina.startup.VersionLoggerListener.log OS Version:            10.0
22-Nov-2018 13:37:41.369 信息 [main] org.apache.catalina.startup.VersionLoggerListener.log Architecture:          amd64
22-Nov-2018 13:37:41.370 信息 [main] org.apache.catalina.startup.VersionLoggerListener.log Java Home:             C:\Program Files\Java\jdk1.8.0_92\jre
22-Nov-2018 13:37:41.370 信息 [main] org.apache.catalina.startup.VersionLoggerListener.log JVM Version:           1.8.0_92-b14
22-Nov-2018 13:37:41.370 信息 [main] org.apache.catalina.startup.VersionLoggerListener.log JVM Vendor:            Oracle Corporation
22-Nov-2018 13:37:41.370 信息 [main] org.apache.catalina.startup.VersionLoggerListener.log CATALINA_BASE:         D:\apache-tomcat-8.0.53
22-Nov-2018 13:37:41.370 信息 [main] org.apache.catalina.startup.VersionLoggerListener.log CATALINA_HOME:         D:\apache-tomcat-8.0.53
22-Nov-2018 13:37:41.371 信息 [main] org.apache.catalina.startup.VersionLoggerListener.log Command line argument: -Djava.util.logging.config.file=D:\apache-tomcat-8.0.53\conf\logging.properties
22-Nov-2018 13:37:41.371 信息 [main] org.apache.catalina.startup.VersionLoggerListener.log Command line argument: -Djava.util.logging.manager=org.apache.juli.ClassLoaderLogManager
22-Nov-2018 13:37:41.371 信息 [main] org.apache.catalina.startup.VersionLoggerListener.log Command line argument: -Djdk.tls.ephemeralDHKeySize=2048
22-Nov-2018 13:37:41.371 信息 [main] org.apache.catalina.startup.VersionLoggerListener.log Command line argument: -Djava.protocol.handler.pkgs=org.apache.catalina.webresources
22-Nov-2018 13:37:41.372 信息 [main] org.apache.catalina.startup.VersionLoggerListener.log Command line argument: -Dignore.endorsed.dirs=
22-Nov-2018 13:37:41.372 信息 [main] org.apache.catalina.startup.VersionLoggerListener.log Command line argument: -Dcatalina.base=D:\apache-tomcat-8.0.53
22-Nov-2018 13:37:41.372 信息 [main] org.apache.catalina.startup.VersionLoggerListener.log Command line argument: -Dcatalina.home=D:\apache-tomcat-8.0.53
22-Nov-2018 13:37:41.373 信息 [main] org.apache.catalina.startup.VersionLoggerListener.log Command line argument: -Djava.io.tmpdir=D:\apache-tomcat-8.0.53\temp
22-Nov-2018 13:37:41.374 信息 [main] org.apache.catalina.core.AprLifecycleListener.lifecycleEvent Loaded APR based Apache Tomcat Native library 1.2.17 using APR version 1.6.3.
22-Nov-2018 13:37:41.375 信息 [main] org.apache.catalina.core.AprLifecycleListener.lifecycleEvent APR capabilities: IPv6 [true], sendfile [true], accept filters [false], random [true].
22-Nov-2018 13:37:42.084 信息 [main] org.apache.catalina.core.AprLifecycleListener.initializeSSL OpenSSL successfully initialized (OpenSSL 1.0.2o  27 Mar 2018)
22-Nov-2018 13:37:42.258 信息 [main] org.apache.coyote.AbstractProtocol.init Initializing ProtocolHandler ["http-apr-8080"]
22-Nov-2018 13:37:42.276 信息 [main] org.apache.coyote.AbstractProtocol.init Initializing ProtocolHandler ["ajp-apr-8009"]
22-Nov-2018 13:37:42.279 信息 [main] org.apache.catalina.startup.Catalina.load Initialization processed in 1349 ms
22-Nov-2018 13:37:42.310 信息 [main] org.apache.catalina.core.StandardService.startInternal Starting service Catalina
22-Nov-2018 13:37:42.310 信息 [main] org.apache.catalina.core.StandardEngine.startInternal Starting Servlet Engine: Apache Tomcat/8.0.53
22-Nov-2018 13:37:42.325 信息 [localhost-startStop-1] org.apache.catalina.startup.HostConfig.deployDirectory Deploying web application directory D:\apache-tomcat-8.0.53\webapps\ch1
22-Nov-2018 13:37:42.941 警告 [localhost-startStop-1] org.apache.catalina.util.SessionIdGeneratorBase.createSecureRandom Creation of SecureRandom instance for session ID generation using [SHA1PRNG] took [365] milliseconds.
22-Nov-2018 13:37:42.959 信息 [localhost-startStop-1] org.apache.catalina.startup.HostConfig.deployDirectory Deployment of web application directory D:\apache-tomcat-8.0.53\webapps\ch1 has finished in 634 ms
22-Nov-2018 13:37:42.959 信息 [localhost-startStop-1] org.apache.catalina.startup.HostConfig.deployDirectory Deploying web application directory D:\apache-tomcat-8.0.53\webapps\ch10
22-Nov-2018 13:37:43.008 信息 [localhost-startStop-1] org.apache.catalina.startup.HostConfig.deployDirectory Deployment of web application directory D:\apache-tomcat-8.0.53\webapps\ch10 has finished in 49 ms
22-Nov-2018 13:37:43.008 信息 [localhost-startStop-1] org.apache.catalina.startup.HostConfig.deployDirectory Deploying web application directory D:\apache-tomcat-8.0.53\webapps\ch2
22-Nov-2018 13:37:43.075 信息 [localhost-startStop-1] org.apache.catalina.startup.HostConfig.deployDirectory Deployment of web application directory D:\apache-tomcat-8.0.53\webapps\ch2 has finished in 66 ms
22-Nov-2018 13:37:43.075 信息 [localhost-startStop-1] org.apache.catalina.startup.HostConfig.deployDirectory Deploying web application directory D:\apache-tomcat-8.0.53\webapps\ch3
22-Nov-2018 13:37:43.112 信息 [localhost-startStop-1] org.apache.catalina.startup.HostConfig.deployDirectory Deployment of web application directory D:\apache-tomcat-8.0.53\webapps\ch3 has finished in 37 ms
22-Nov-2018 13:37:43.113 信息 [localhost-startStop-1] org.apache.catalina.startup.HostConfig.deployDirectory Deploying web application directory D:\apache-tomcat-8.0.53\webapps\ch4
22-Nov-2018 13:37:43.153 信息 [localhost-startStop-1] org.apache.catalina.startup.HostConfig.deployDirectory Deployment of web application directory D:\apache-tomcat-8.0.53\webapps\ch4 has finished in 40 ms
22-Nov-2018 13:37:43.153 信息 [localhost-startStop-1] org.apache.catalina.startup.HostConfig.deployDirectory Deploying web application directory D:\apache-tomcat-8.0.53\webapps\ch5
22-Nov-2018 13:37:43.200 信息 [localhost-startStop-1] org.apache.catalina.startup.HostConfig.deployDirectory Deployment of web application directory D:\apache-tomcat-8.0.53\webapps\ch5 has finished in 47 ms
22-Nov-2018 13:37:43.200 信息 [localhost-startStop-1] org.apache.catalina.startup.HostConfig.deployDirectory Deploying web application directory D:\apache-tomcat-8.0.53\webapps\ch6
22-Nov-2018 13:37:43.264 信息 [localhost-startStop-1] org.apache.catalina.startup.HostConfig.deployDirectory Deployment of web application directory D:\apache-tomcat-8.0.53\webapps\ch6 has finished in 64 ms
22-Nov-2018 13:37:43.264 信息 [localhost-startStop-1] org.apache.catalina.startup.HostConfig.deployDirectory Deploying web application directory D:\apache-tomcat-8.0.53\webapps\ch7
22-Nov-2018 13:37:43.309 信息 [localhost-startStop-1] org.apache.catalina.startup.HostConfig.deployDirectory Deployment of web application directory D:\apache-tomcat-8.0.53\webapps\ch7 has finished in 45 ms
22-Nov-2018 13:37:43.310 信息 [localhost-startStop-1] org.apache.catalina.startup.HostConfig.deployDirectory Deploying web application directory D:\apache-tomcat-8.0.53\webapps\docs
22-Nov-2018 13:37:43.333 信息 [localhost-startStop-1] org.apache.catalina.startup.HostConfig.deployDirectory Deployment of web application directory D:\apache-tomcat-8.0.53\webapps\docs has finished in 23 ms
22-Nov-2018 13:37:43.333 信息 [localhost-startStop-1] org.apache.catalina.startup.HostConfig.deployDirectory Deploying web application directory D:\apache-tomcat-8.0.53\webapps\examples
22-Nov-2018 13:37:44.140 信息 [localhost-startStop-1] org.apache.catalina.startup.HostConfig.deployDirectory Deployment of web application directory D:\apache-tomcat-8.0.53\webapps\examples has finished in 807 ms
22-Nov-2018 13:37:44.140 信息 [localhost-startStop-1] org.apache.catalina.startup.HostConfig.deployDirectory Deploying web application directory D:\apache-tomcat-8.0.53\webapps\host-manager
22-Nov-2018 13:37:44.202 信息 [localhost-startStop-1] org.apache.catalina.startup.HostConfig.deployDirectory Deployment of web application directory D:\apache-tomcat-8.0.53\webapps\host-manager has finished in 62 ms
22-Nov-2018 13:37:44.203 信息 [localhost-startStop-1] org.apache.catalina.startup.HostConfig.deployDirectory Deploying web application directory D:\apache-tomcat-8.0.53\webapps\manager
22-Nov-2018 13:37:44.246 信息 [localhost-startStop-1] org.apache.catalina.startup.HostConfig.deployDirectory Deployment of web application directory D:\apache-tomcat-8.0.53\webapps\manager has finished in 43 ms
22-Nov-2018 13:37:44.247 信息 [localhost-startStop-1] org.apache.catalina.startup.HostConfig.deployDirectory Deploying web application directory D:\apache-tomcat-8.0.53\webapps\ROOT
22-Nov-2018 13:37:44.289 信息 [localhost-startStop-1] org.apache.catalina.startup.HostConfig.deployDirectory Deployment of web application directory D:\apache-tomcat-8.0.53\webapps\ROOT has finished in 41 ms
22-Nov-2018 13:37:44.291 信息 [main] org.apache.coyote.AbstractProtocol.start Starting ProtocolHandler ["http-apr-8080"]
22-Nov-2018 13:37:44.338 信息 [main] org.apache.coyote.AbstractProtocol.start Starting ProtocolHandler ["ajp-apr-8009"]
22-Nov-2018 13:37:44.344 信息 [main] org.apache.catalina.startup.Catalina.start Server startup in 2064 ms
22-Nov-2018 17:53:49.928 信息 [main] org.apache.catalina.startup.VersionLoggerListener.log Server version:        Apache Tomcat/8.0.53
22-Nov-2018 17:53:49.928 信息 [main] org.apache.catalina.startup.VersionLoggerListener.log Server built:          Jun 29 2018 14:42:45 UTC
22-Nov-2018 17:53:49.928 信息 [main] org.apache.catalina.startup.VersionLoggerListener.log Server number:         8.0.53.0
22-Nov-2018 17:53:49.928 信息 [main] org.apache.catalina.startup.VersionLoggerListener.log OS Name:               Windows 10
22-Nov-2018 17:53:49.928 信息 [main] org.apache.catalina.startup.VersionLoggerListener.log OS Version:            10.0
22-Nov-2018 17:53:49.928 信息 [main] org.apache.catalina.startup.VersionLoggerListener.log Architecture:          amd64
22-Nov-2018 17:53:49.928 信息 [main] org.apache.catalina.startup.VersionLoggerListener.log Java Home:             C:\Program Files\Java\jdk1.8.0_92\jre
22-Nov-2018 17:53:49.928 信息 [main] org.apache.catalina.startup.VersionLoggerListener.log JVM Version:           1.8.0_92-b14
22-Nov-2018 17:53:49.928 信息 [main] org.apache.catalina.startup.VersionLoggerListener.log JVM Vendor:            Oracle Corporation
22-Nov-2018 17:53:49.928 信息 [main] org.apache.catalina.startup.VersionLoggerListener.log CATALINA_BASE:         D:\apache-tomcat-8.0.53
22-Nov-2018 17:53:49.928 信息 [main] org.apache.catalina.startup.VersionLoggerListener.log CATALINA_HOME:         D:\apache-tomcat-8.0.53
22-Nov-2018 17:53:49.938 信息 [main] org.apache.catalina.startup.VersionLoggerListener.log Command line argument: -Djava.util.logging.config.file=D:\apache-tomcat-8.0.53\conf\logging.properties
22-Nov-2018 17:53:49.938 信息 [main] org.apache.catalina.startup.VersionLoggerListener.log Command line argument: -Djava.util.logging.manager=org.apache.juli.ClassLoaderLogManager
22-Nov-2018 17:53:49.938 信息 [main] org.apache.catalina.startup.VersionLoggerListener.log Command line argument: -Djdk.tls.ephemeralDHKeySize=2048
22-Nov-2018 17:53:49.938 信息 [main] org.apache.catalina.startup.VersionLoggerListener.log Command line argument: -Djava.protocol.handler.pkgs=org.apache.catalina.webresources
22-Nov-2018 17:53:49.938 信息 [main] org.apache.catalina.startup.VersionLoggerListener.log Command line argument: -Dignore.endorsed.dirs=
22-Nov-2018 17:53:49.938 信息 [main] org.apache.catalina.startup.VersionLoggerListener.log Command line argument: -Dcatalina.base=D:\apache-tomcat-8.0.53
22-Nov-2018 17:53:49.938 信息 [main] org.apache.catalina.startup.VersionLoggerListener.log Command line argument: -Dcatalina.home=D:\apache-tomcat-8.0.53
22-Nov-2018 17:53:49.938 信息 [main] org.apache.catalina.startup.VersionLoggerListener.log Command line argument: -Djava.io.tmpdir=D:\apache-tomcat-8.0.53\temp
22-Nov-2018 17:53:49.938 信息 [main] org.apache.catalina.core.AprLifecycleListener.lifecycleEvent Loaded APR based Apache Tomcat Native library 1.2.17 using APR version 1.6.3.
22-Nov-2018 17:53:49.938 信息 [main] org.apache.catalina.core.AprLifecycleListener.lifecycleEvent APR capabilities: IPv6 [true], sendfile [true], accept filters [false], random [true].
22-Nov-2018 17:53:50.648 信息 [main] org.apache.catalina.core.AprLifecycleListener.initializeSSL OpenSSL successfully initialized (OpenSSL 1.0.2o  27 Mar 2018)
22-Nov-2018 17:53:50.808 信息 [main] org.apache.coyote.AbstractProtocol.init Initializing ProtocolHandler ["http-apr-8080"]
22-Nov-2018 17:53:50.818 信息 [main] org.apache.coyote.AbstractProtocol.init Initializing ProtocolHandler ["ajp-apr-8009"]
22-Nov-2018 17:53:50.828 信息 [main] org.apache.catalina.startup.Catalina.load Initialization processed in 1318 ms
22-Nov-2018 17:53:50.858 信息 [main] org.apache.catalina.core.StandardService.startInternal Starting service Catalina
22-Nov-2018 17:53:50.858 信息 [main] org.apache.catalina.core.StandardEngine.startInternal Starting Servlet Engine: Apache Tomcat/8.0.53
22-Nov-2018 17:53:50.918 信息 [localhost-startStop-1] org.apache.catalina.startup.HostConfig.deployDirectory Deploying web application directory D:\apache-tomcat-8.0.53\webapps\ch1
22-Nov-2018 17:53:51.577 警告 [localhost-startStop-1] org.apache.catalina.util.SessionIdGeneratorBase.createSecureRandom Creation of SecureRandom instance for session ID generation using [SHA1PRNG] took [389] milliseconds.
22-Nov-2018 17:53:51.597 信息 [localhost-startStop-1] org.apache.catalina.startup.HostConfig.deployDirectory Deployment of web application directory D:\apache-tomcat-8.0.53\webapps\ch1 has finished in 669 ms
22-Nov-2018 17:53:51.597 信息 [localhost-startStop-1] org.apache.catalina.startup.HostConfig.deployDirectory Deploying web application directory D:\apache-tomcat-8.0.53\webapps\ch10
22-Nov-2018 17:53:51.647 信息 [localhost-startStop-1] org.apache.catalina.startup.HostConfig.deployDirectory Deployment of web application directory D:\apache-tomcat-8.0.53\webapps\ch10 has finished in 50 ms
22-Nov-2018 17:53:51.647 信息 [localhost-startStop-1] org.apache.catalina.startup.HostConfig.deployDirectory Deploying web application directory D:\apache-tomcat-8.0.53\webapps\ch2
22-Nov-2018 17:53:51.677 信息 [localhost-startStop-1] org.apache.catalina.startup.HostConfig.deployDirectory Deployment of web application directory D:\apache-tomcat-8.0.53\webapps\ch2 has finished in 30 ms
22-Nov-2018 17:53:51.677 信息 [localhost-startStop-1] org.apache.catalina.startup.HostConfig.deployDirectory Deploying web application directory D:\apache-tomcat-8.0.53\webapps\ch3
22-Nov-2018 17:53:51.707 信息 [localhost-startStop-1] org.apache.catalina.startup.HostConfig.deployDirectory Deployment of web application directory D:\apache-tomcat-8.0.53\webapps\ch3 has finished in 30 ms
22-Nov-2018 17:53:51.707 信息 [localhost-startStop-1] org.apache.catalina.startup.HostConfig.deployDirectory Deploying web application directory D:\apache-tomcat-8.0.53\webapps\ch4
22-Nov-2018 17:53:51.757 信息 [localhost-startStop-1] org.apache.catalina.startup.HostConfig.deployDirectory Deployment of web application directory D:\apache-tomcat-8.0.53\webapps\ch4 has finished in 50 ms
22-Nov-2018 17:53:51.757 信息 [localhost-startStop-1] org.apache.catalina.startup.HostConfig.deployDirectory Deploying web application directory D:\apache-tomcat-8.0.53\webapps\ch5
22-Nov-2018 17:53:51.807 信息 [localhost-startStop-1] org.apache.catalina.startup.HostConfig.deployDirectory Deployment of web application directory D:\apache-tomcat-8.0.53\webapps\ch5 has finished in 50 ms
22-Nov-2018 17:53:51.807 信息 [localhost-startStop-1] org.apache.catalina.startup.HostConfig.deployDirectory Deploying web application directory D:\apache-tomcat-8.0.53\webapps\ch6
22-Nov-2018 17:53:51.867 信息 [localhost-startStop-1] org.apache.catalina.startup.HostConfig.deployDirectory Deployment of web application directory D:\apache-tomcat-8.0.53\webapps\ch6 has finished in 60 ms
22-Nov-2018 17:53:51.867 信息 [localhost-startStop-1] org.apache.catalina.startup.HostConfig.deployDirectory Deploying web application directory D:\apache-tomcat-8.0.53\webapps\ch7
22-Nov-2018 17:53:51.917 信息 [localhost-startStop-1] org.apache.catalina.startup.HostConfig.deployDirectory Deployment of web application directory D:\apache-tomcat-8.0.53\webapps\ch7 has finished in 50 ms
22-Nov-2018 17:53:51.917 信息 [localhost-startStop-1] org.apache.catalina.startup.HostConfig.deployDirectory Deploying web application directory D:\apache-tomcat-8.0.53\webapps\docs
22-Nov-2018 17:53:51.947 信息 [localhost-startStop-1] org.apache.catalina.startup.HostConfig.deployDirectory Deployment of web application directory D:\apache-tomcat-8.0.53\webapps\docs has finished in 30 ms
22-Nov-2018 17:53:51.947 信息 [localhost-startStop-1] org.apache.catalina.startup.HostConfig.deployDirectory Deploying web application directory D:\apache-tomcat-8.0.53\webapps\examples
22-Nov-2018 17:53:52.347 信息 [localhost-startStop-1] org.apache.catalina.startup.HostConfig.deployDirectory Deployment of web application directory D:\apache-tomcat-8.0.53\webapps\examples has finished in 400 ms
22-Nov-2018 17:53:52.347 信息 [localhost-startStop-1] org.apache.catalina.startup.HostConfig.deployDirectory Deploying web application directory D:\apache-tomcat-8.0.53\webapps\host-manager
22-Nov-2018 17:53:52.397 信息 [localhost-startStop-1] org.apache.catalina.startup.HostConfig.deployDirectory Deployment of web application directory D:\apache-tomcat-8.0.53\webapps\host-manager has finished in 50 ms
22-Nov-2018 17:53:52.397 信息 [localhost-startStop-1] org.apache.catalina.startup.HostConfig.deployDirectory Deploying web application directory D:\apache-tomcat-8.0.53\webapps\manager
22-Nov-2018 17:53:52.437 信息 [localhost-startStop-1] org.apache.catalina.startup.HostConfig.deployDirectory Deployment of web application directory D:\apache-tomcat-8.0.53\webapps\manager has finished in 40 ms
22-Nov-2018 17:53:52.437 信息 [localhost-startStop-1] org.apache.catalina.startup.HostConfig.deployDirectory Deploying web application directory D:\apache-tomcat-8.0.53\webapps\ROOT
22-Nov-2018 17:53:52.467 信息 [localhost-startStop-1] org.apache.catalina.startup.HostConfig.deployDirectory Deployment of web application directory D:\apache-tomcat-8.0.53\webapps\ROOT has finished in 30 ms
22-Nov-2018 17:53:52.477 信息 [main] org.apache.coyote.AbstractProtocol.start Starting ProtocolHandler ["http-apr-8080"]
22-Nov-2018 17:53:52.487 信息 [main] org.apache.coyote.AbstractProtocol.start Starting ProtocolHandler ["ajp-apr-8009"]
22-Nov-2018 17:53:52.497 信息 [main] org.apache.catalina.startup.Catalina.start Server startup in 1674 ms
22-Nov-2018 18:36:34.678 信息 [main] org.apache.catalina.startup.VersionLoggerListener.log Server version:        Apache Tomcat/8.0.53
22-Nov-2018 18:36:34.694 信息 [main] org.apache.catalina.startup.VersionLoggerListener.log Server built:          Jun 29 2018 14:42:45 UTC
22-Nov-2018 18:36:34.694 信息 [main] org.apache.catalina.startup.VersionLoggerListener.log Server number:         8.0.53.0
22-Nov-2018 18:36:34.694 信息 [main] org.apache.catalina.startup.VersionLoggerListener.log OS Name:               Windows 10
22-Nov-2018 18:36:34.694 信息 [main] org.apache.catalina.startup.VersionLoggerListener.log OS Version:            10.0
22-Nov-2018 18:36:34.694 信息 [main] org.apache.catalina.startup.VersionLoggerListener.log Architecture:          amd64
22-Nov-2018 18:36:34.694 信息 [main] org.apache.catalina.startup.VersionLoggerListener.log Java Home:             C:\Program Files\Java\jdk1.8.0_92\jre
22-Nov-2018 18:36:34.694 信息 [main] org.apache.catalina.startup.VersionLoggerListener.log JVM Version:           1.8.0_92-b14
22-Nov-2018 18:36:34.694 信息 [main] org.apache.catalina.startup.VersionLoggerListener.log JVM Vendor:            Oracle Corporation
22-Nov-2018 18:36:34.694 信息 [main] org.apache.catalina.startup.VersionLoggerListener.log CATALINA_BASE:         D:\apache-tomcat-8.0.53
22-Nov-2018 18:36:34.694 信息 [main] org.apache.catalina.startup.VersionLoggerListener.log CATALINA_HOME:         D:\apache-tomcat-8.0.53
22-Nov-2018 18:36:34.694 信息 [main] org.apache.catalina.startup.VersionLoggerListener.log Command line argument: -Djava.util.logging.config.file=D:\apache-tomcat-8.0.53\conf\logging.properties
22-Nov-2018 18:36:34.694 信息 [main] org.apache.catalina.startup.VersionLoggerListener.log Command line argument: -Djava.util.logging.manager=org.apache.juli.ClassLoaderLogManager
22-Nov-2018 18:36:34.694 信息 [main] org.apache.catalina.startup.VersionLoggerListener.log Command line argument: -Djdk.tls.ephemeralDHKeySize=2048
22-Nov-2018 18:36:34.694 信息 [main] org.apache.catalina.startup.VersionLoggerListener.log Command line argument: -Djava.protocol.handler.pkgs=org.apache.catalina.webresources
22-Nov-2018 18:36:34.694 信息 [main] org.apache.catalina.startup.VersionLoggerListener.log Command line argument: -Dignore.endorsed.dirs=
22-Nov-2018 18:36:34.694 信息 [main] org.apache.catalina.startup.VersionLoggerListener.log Command line argument: -Dcatalina.base=D:\apache-tomcat-8.0.53
22-Nov-2018 18:36:34.694 信息 [main] org.apache.catalina.startup.VersionLoggerListener.log Command line argument: -Dcatalina.home=D:\apache-tomcat-8.0.53
22-Nov-2018 18:36:34.694 信息 [main] org.apache.catalina.startup.VersionLoggerListener.log Command line argument: -Djava.io.tmpdir=D:\apache-tomcat-8.0.53\temp
22-Nov-2018 18:36:34.694 信息 [main] org.apache.catalina.core.AprLifecycleListener.lifecycleEvent Loaded APR based Apache Tomcat Native library 1.2.17 using APR version 1.6.3.
22-Nov-2018 18:36:34.694 信息 [main] org.apache.catalina.core.AprLifecycleListener.lifecycleEvent APR capabilities: IPv6 [true], sendfile [true], accept filters [false], random [true].
22-Nov-2018 18:36:35.459 信息 [main] org.apache.catalina.core.AprLifecycleListener.initializeSSL OpenSSL successfully initialized (OpenSSL 1.0.2o  27 Mar 2018)
22-Nov-2018 18:36:35.631 信息 [main] org.apache.coyote.AbstractProtocol.init Initializing ProtocolHandler ["http-apr-8080"]
22-Nov-2018 18:36:35.663 信息 [main] org.apache.coyote.AbstractProtocol.init Initializing ProtocolHandler ["ajp-apr-8009"]
22-Nov-2018 18:36:35.663 信息 [main] org.apache.catalina.startup.Catalina.load Initialization processed in 1361 ms
22-Nov-2018 18:36:35.694 信息 [main] org.apache.catalina.core.StandardService.startInternal Starting service Catalina
22-Nov-2018 18:36:35.694 信息 [main] org.apache.catalina.core.StandardEngine.startInternal Starting Servlet Engine: Apache Tomcat/8.0.53
22-Nov-2018 18:36:35.709 信息 [localhost-startStop-1] org.apache.catalina.startup.HostConfig.deployDirectory Deploying web application directory D:\apache-tomcat-8.0.53\webapps\ch1
22-Nov-2018 18:36:36.319 警告 [localhost-startStop-1] org.apache.catalina.util.SessionIdGeneratorBase.createSecureRandom Creation of SecureRandom instance for session ID generation using [SHA1PRNG] took [375] milliseconds.
22-Nov-2018 18:36:36.334 信息 [localhost-startStop-1] org.apache.catalina.startup.HostConfig.deployDirectory Deployment of web application directory D:\apache-tomcat-8.0.53\webapps\ch1 has finished in 625 ms
22-Nov-2018 18:36:36.334 信息 [localhost-startStop-1] org.apache.catalina.startup.HostConfig.deployDirectory Deploying web application directory D:\apache-tomcat-8.0.53\webapps\ch10
22-Nov-2018 18:36:36.381 信息 [localhost-startStop-1] org.apache.catalina.startup.HostConfig.deployDirectory Deployment of web application directory D:\apache-tomcat-8.0.53\webapps\ch10 has finished in 47 ms
22-Nov-2018 18:36:36.381 信息 [localhost-startStop-1] org.apache.catalina.startup.HostConfig.deployDirectory Deploying web application directory D:\apache-tomcat-8.0.53\webapps\ch2
22-Nov-2018 18:36:36.412 信息 [localhost-startStop-1] org.apache.catalina.startup.HostConfig.deployDirectory Deployment of web application directory D:\apache-tomcat-8.0.53\webapps\ch2 has finished in 31 ms
22-Nov-2018 18:36:36.412 信息 [localhost-startStop-1] org.apache.catalina.startup.HostConfig.deployDirectory Deploying web application directory D:\apache-tomcat-8.0.53\webapps\ch3
22-Nov-2018 18:36:36.444 信息 [localhost-startStop-1] org.apache.catalina.startup.HostConfig.deployDirectory Deployment of web application directory D:\apache-tomcat-8.0.53\webapps\ch3 has finished in 32 ms
22-Nov-2018 18:36:36.444 信息 [localhost-startStop-1] org.apache.catalina.startup.HostConfig.deployDirectory Deploying web application directory D:\apache-tomcat-8.0.53\webapps\ch4
22-Nov-2018 18:36:36.475 信息 [localhost-startStop-1] org.apache.catalina.startup.HostConfig.deployDirectory Deployment of web application directory D:\apache-tomcat-8.0.53\webapps\ch4 has finished in 31 ms
22-Nov-2018 18:36:36.475 信息 [localhost-startStop-1] org.apache.catalina.startup.HostConfig.deployDirectory Deploying web application directory D:\apache-tomcat-8.0.53\webapps\ch5
22-Nov-2018 18:36:36.522 信息 [localhost-startStop-1] org.apache.catalina.startup.HostConfig.deployDirectory Deployment of web application directory D:\apache-tomcat-8.0.53\webapps\ch5 has finished in 47 ms
22-Nov-2018 18:36:36.522 信息 [localhost-startStop-1] org.apache.catalina.startup.HostConfig.deployDirectory Deploying web application directory D:\apache-tomcat-8.0.53\webapps\ch6
22-Nov-2018 18:36:36.584 信息 [localhost-startStop-1] org.apache.catalina.startup.HostConfig.deployDirectory Deployment of web application directory D:\apache-tomcat-8.0.53\webapps\ch6 has finished in 62 ms
22-Nov-2018 18:36:36.584 信息 [localhost-startStop-1] org.apache.catalina.startup.HostConfig.deployDirectory Deploying web application directory D:\apache-tomcat-8.0.53\webapps\ch7
22-Nov-2018 18:36:36.631 信息 [localhost-startStop-1] org.apache.catalina.startup.HostConfig.deployDirectory Deployment of web application directory D:\apache-tomcat-8.0.53\webapps\ch7 has finished in 47 ms
22-Nov-2018 18:36:36.631 信息 [localhost-startStop-1] org.apache.catalina.startup.HostConfig.deployDirectory Deploying web application directory D:\apache-tomcat-8.0.53\webapps\docs
22-Nov-2018 18:36:36.662 信息 [localhost-startStop-1] org.apache.catalina.startup.HostConfig.deployDirectory Deployment of web application directory D:\apache-tomcat-8.0.53\webapps\docs has finished in 31 ms
22-Nov-2018 18:36:36.662 信息 [localhost-startStop-1] org.apache.catalina.startup.HostConfig.deployDirectory Deploying web application directory D:\apache-tomcat-8.0.53\webapps\examples
22-Nov-2018 18:36:37.068 信息 [localhost-startStop-1] org.apache.catalina.startup.HostConfig.deployDirectory Deployment of web application directory D:\apache-tomcat-8.0.53\webapps\examples has finished in 406 ms
22-Nov-2018 18:36:37.068 信息 [localhost-startStop-1] org.apache.catalina.startup.HostConfig.deployDirectory Deploying web application directory D:\apache-tomcat-8.0.53\webapps\host-manager
22-Nov-2018 18:36:37.100 信息 [localhost-startStop-1] org.apache.catalina.startup.HostConfig.deployDirectory Deployment of web application directory D:\apache-tomcat-8.0.53\webapps\host-manager has finished in 32 ms
22-Nov-2018 18:36:37.100 信息 [localhost-startStop-1] org.apache.catalina.startup.HostConfig.deployDirectory Deploying web application directory D:\apache-tomcat-8.0.53\webapps\manager
22-Nov-2018 18:36:37.131 信息 [localhost-startStop-1] org.apache.catalina.startup.HostConfig.deployDirectory Deployment of web application directory D:\apache-tomcat-8.0.53\webapps\manager has finished in 31 ms
22-Nov-2018 18:36:37.131 信息 [localhost-startStop-1] org.apache.catalina.startup.HostConfig.deployDirectory Deploying web application directory D:\apache-tomcat-8.0.53\webapps\ROOT
22-Nov-2018 18:36:37.162 信息 [localhost-startStop-1] org.apache.catalina.startup.HostConfig.deployDirectory Deployment of web application directory D:\apache-tomcat-8.0.53\webapps\ROOT has finished in 31 ms
22-Nov-2018 18:36:37.178 信息 [main] org.apache.coyote.AbstractProtocol.start Starting ProtocolHandler ["http-apr-8080"]
22-Nov-2018 18:36:37.178 信息 [main] org.apache.coyote.AbstractProtocol.start Starting ProtocolHandler ["ajp-apr-8009"]
22-Nov-2018 18:36:37.193 信息 [main] org.apache.catalina.startup.Catalina.start Server startup in 1530 ms
