26-Oct-2021 10:30:02.434 信息 [main] org.apache.catalina.startup.VersionLoggerListener.log Server version:        Apache Tomcat/8.0.53
26-Oct-2021 10:30:02.462 信息 [main] org.apache.catalina.startup.VersionLoggerListener.log Server built:          Jun 29 2018 14:42:45 UTC
26-Oct-2021 10:30:02.464 信息 [main] org.apache.catalina.startup.VersionLoggerListener.log Server number:         8.0.53.0
26-Oct-2021 10:30:02.465 信息 [main] org.apache.catalina.startup.VersionLoggerListener.log OS Name:               Windows 10
26-Oct-2021 10:30:02.466 信息 [main] org.apache.catalina.startup.VersionLoggerListener.log OS Version:            10.0
26-Oct-2021 10:30:02.467 信息 [main] org.apache.catalina.startup.VersionLoggerListener.log Architecture:          amd64
26-Oct-2021 10:30:02.468 信息 [main] org.apache.catalina.startup.VersionLoggerListener.log Java Home:             D:\Java\jdk-9.0.4
26-Oct-2021 10:30:02.468 信息 [main] org.apache.catalina.startup.VersionLoggerListener.log JVM Version:           9.0.4+11
26-Oct-2021 10:30:02.469 信息 [main] org.apache.catalina.startup.VersionLoggerListener.log JVM Vendor:            Oracle Corporation
26-Oct-2021 10:30:02.470 信息 [main] org.apache.catalina.startup.VersionLoggerListener.log CATALINA_BASE:         E:\suiyu\tomcat\apache-tomcat-8.0.53
26-Oct-2021 10:30:02.471 信息 [main] org.apache.catalina.startup.VersionLoggerListener.log CATALINA_HOME:         E:\suiyu\tomcat\apache-tomcat-8.0.53
26-Oct-2021 10:30:02.477 信息 [main] org.apache.catalina.startup.VersionLoggerListener.log Command line argument: --add-opens=java.base/java.lang=ALL-UNNAMED
26-Oct-2021 10:30:02.478 信息 [main] org.apache.catalina.startup.VersionLoggerListener.log Command line argument: --add-opens=java.base/java.io=ALL-UNNAMED
26-Oct-2021 10:30:02.479 信息 [main] org.apache.catalina.startup.VersionLoggerListener.log Command line argument: --add-opens=java.rmi/sun.rmi.transport=ALL-UNNAMED
26-Oct-2021 10:30:02.480 信息 [main] org.apache.catalina.startup.VersionLoggerListener.log Command line argument: -Djava.util.logging.config.file=E:\suiyu\tomcat\apache-tomcat-8.0.53\conf\logging.properties
26-Oct-2021 10:30:02.481 信息 [main] org.apache.catalina.startup.VersionLoggerListener.log Command line argument: -Djava.util.logging.manager=org.apache.juli.ClassLoaderLogManager
26-Oct-2021 10:30:02.485 信息 [main] org.apache.catalina.startup.VersionLoggerListener.log Command line argument: -Djdk.tls.ephemeralDHKeySize=2048
26-Oct-2021 10:30:02.489 信息 [main] org.apache.catalina.startup.VersionLoggerListener.log Command line argument: -Djava.protocol.handler.pkgs=org.apache.catalina.webresources
26-Oct-2021 10:30:02.494 信息 [main] org.apache.catalina.startup.VersionLoggerListener.log Command line argument: -Dignore.endorsed.dirs=
26-Oct-2021 10:30:02.496 信息 [main] org.apache.catalina.startup.VersionLoggerListener.log Command line argument: -Dcatalina.base=E:\suiyu\tomcat\apache-tomcat-8.0.53
26-Oct-2021 10:30:02.498 信息 [main] org.apache.catalina.startup.VersionLoggerListener.log Command line argument: -Dcatalina.home=E:\suiyu\tomcat\apache-tomcat-8.0.53
26-Oct-2021 10:30:02.500 信息 [main] org.apache.catalina.startup.VersionLoggerListener.log Command line argument: -Djava.io.tmpdir=E:\suiyu\tomcat\apache-tomcat-8.0.53\temp
26-Oct-2021 10:30:02.503 信息 [main] org.apache.catalina.core.AprLifecycleListener.lifecycleEvent Loaded APR based Apache Tomcat Native library 1.2.17 using APR version 1.6.3.
26-Oct-2021 10:30:02.505 信息 [main] org.apache.catalina.core.AprLifecycleListener.lifecycleEvent APR capabilities: IPv6 [true], sendfile [true], accept filters [false], random [true].
26-Oct-2021 10:30:03.642 信息 [main] org.apache.catalina.core.AprLifecycleListener.initializeSSL OpenSSL successfully initialized (OpenSSL 1.0.2o  27 Mar 2018)
26-Oct-2021 10:30:03.874 信息 [main] org.apache.coyote.AbstractProtocol.init Initializing ProtocolHandler ["http-apr-8080"]
26-Oct-2021 10:30:03.930 信息 [main] org.apache.coyote.AbstractProtocol.init Initializing ProtocolHandler ["ajp-apr-8009"]
26-Oct-2021 10:30:03.939 信息 [main] org.apache.catalina.startup.Catalina.load Initialization processed in 3945 ms
26-Oct-2021 10:30:04.162 信息 [main] org.apache.catalina.core.StandardService.startInternal Starting service Catalina
26-Oct-2021 10:30:04.164 信息 [main] org.apache.catalina.core.StandardEngine.startInternal Starting Servlet Engine: Apache Tomcat/8.0.53
26-Oct-2021 10:30:04.242 信息 [localhost-startStop-1] org.apache.catalina.startup.HostConfig.deployDirectory Deploying web application directory E:\suiyu\tomcat\apache-tomcat-8.0.53\webapps\ch1
26-Oct-2021 10:30:07.023 警告 [localhost-startStop-1] org.apache.catalina.util.SessionIdGeneratorBase.createSecureRandom Creation of SecureRandom instance for session ID generation using [SHA1PRNG] took [1,536] milliseconds.
26-Oct-2021 10:30:07.110 信息 [localhost-startStop-1] org.apache.catalina.startup.HostConfig.deployDirectory Deployment of web application directory E:\suiyu\tomcat\apache-tomcat-8.0.53\webapps\ch1 has finished in 2,867 ms
26-Oct-2021 10:30:07.112 信息 [localhost-startStop-1] org.apache.catalina.startup.HostConfig.deployDirectory Deploying web application directory E:\suiyu\tomcat\apache-tomcat-8.0.53\webapps\ch10
26-Oct-2021 10:30:07.258 信息 [localhost-startStop-1] org.apache.catalina.startup.HostConfig.deployDirectory Deployment of web application directory E:\suiyu\tomcat\apache-tomcat-8.0.53\webapps\ch10 has finished in 147 ms
26-Oct-2021 10:30:07.259 信息 [localhost-startStop-1] org.apache.catalina.startup.HostConfig.deployDirectory Deploying web application directory E:\suiyu\tomcat\apache-tomcat-8.0.53\webapps\ch13
26-Oct-2021 10:30:07.539 信息 [localhost-startStop-1] org.apache.catalina.startup.HostConfig.deployDirectory Deployment of web application directory E:\suiyu\tomcat\apache-tomcat-8.0.53\webapps\ch13 has finished in 280 ms
26-Oct-2021 10:30:07.540 信息 [localhost-startStop-1] org.apache.catalina.startup.HostConfig.deployDirectory Deploying web application directory E:\suiyu\tomcat\apache-tomcat-8.0.53\webapps\ch2
26-Oct-2021 10:30:07.607 信息 [localhost-startStop-1] org.apache.catalina.startup.HostConfig.deployDirectory Deployment of web application directory E:\suiyu\tomcat\apache-tomcat-8.0.53\webapps\ch2 has finished in 66 ms
26-Oct-2021 10:30:07.608 信息 [localhost-startStop-1] org.apache.catalina.startup.HostConfig.deployDirectory Deploying web application directory E:\suiyu\tomcat\apache-tomcat-8.0.53\webapps\ch3
26-Oct-2021 10:30:07.678 信息 [localhost-startStop-1] org.apache.catalina.startup.HostConfig.deployDirectory Deployment of web application directory E:\suiyu\tomcat\apache-tomcat-8.0.53\webapps\ch3 has finished in 69 ms
26-Oct-2021 10:30:07.679 信息 [localhost-startStop-1] org.apache.catalina.startup.HostConfig.deployDirectory Deploying web application directory E:\suiyu\tomcat\apache-tomcat-8.0.53\webapps\ch4
26-Oct-2021 10:30:07.777 信息 [localhost-startStop-1] org.apache.catalina.startup.HostConfig.deployDirectory Deployment of web application directory E:\suiyu\tomcat\apache-tomcat-8.0.53\webapps\ch4 has finished in 98 ms
26-Oct-2021 10:30:07.778 信息 [localhost-startStop-1] org.apache.catalina.startup.HostConfig.deployDirectory Deploying web application directory E:\suiyu\tomcat\apache-tomcat-8.0.53\webapps\ch5
26-Oct-2021 10:30:07.885 信息 [localhost-startStop-1] org.apache.catalina.startup.HostConfig.deployDirectory Deployment of web application directory E:\suiyu\tomcat\apache-tomcat-8.0.53\webapps\ch5 has finished in 107 ms
26-Oct-2021 10:30:07.886 信息 [localhost-startStop-1] org.apache.catalina.startup.HostConfig.deployDirectory Deploying web application directory E:\suiyu\tomcat\apache-tomcat-8.0.53\webapps\ch6
26-Oct-2021 10:30:08.046 信息 [localhost-startStop-1] org.apache.catalina.startup.HostConfig.deployDirectory Deployment of web application directory E:\suiyu\tomcat\apache-tomcat-8.0.53\webapps\ch6 has finished in 160 ms
26-Oct-2021 10:30:08.048 信息 [localhost-startStop-1] org.apache.catalina.startup.HostConfig.deployDirectory Deploying web application directory E:\suiyu\tomcat\apache-tomcat-8.0.53\webapps\ch666
26-Oct-2021 10:30:08.122 信息 [localhost-startStop-1] org.apache.catalina.startup.HostConfig.deployDirectory Deployment of web application directory E:\suiyu\tomcat\apache-tomcat-8.0.53\webapps\ch666 has finished in 75 ms
26-Oct-2021 10:30:08.123 信息 [localhost-startStop-1] org.apache.catalina.startup.HostConfig.deployDirectory Deploying web application directory E:\suiyu\tomcat\apache-tomcat-8.0.53\webapps\ch7
26-Oct-2021 10:30:08.243 信息 [localhost-startStop-1] org.apache.catalina.startup.HostConfig.deployDirectory Deployment of web application directory E:\suiyu\tomcat\apache-tomcat-8.0.53\webapps\ch7 has finished in 120 ms
26-Oct-2021 10:30:08.244 信息 [localhost-startStop-1] org.apache.catalina.startup.HostConfig.deployDirectory Deploying web application directory E:\suiyu\tomcat\apache-tomcat-8.0.53\webapps\docs
26-Oct-2021 10:30:08.306 信息 [localhost-startStop-1] org.apache.catalina.startup.HostConfig.deployDirectory Deployment of web application directory E:\suiyu\tomcat\apache-tomcat-8.0.53\webapps\docs has finished in 62 ms
26-Oct-2021 10:30:08.307 信息 [localhost-startStop-1] org.apache.catalina.startup.HostConfig.deployDirectory Deploying web application directory E:\suiyu\tomcat\apache-tomcat-8.0.53\webapps\examples
26-Oct-2021 10:30:09.389 信息 [localhost-startStop-1] org.apache.catalina.startup.HostConfig.deployDirectory Deployment of web application directory E:\suiyu\tomcat\apache-tomcat-8.0.53\webapps\examples has finished in 1,081 ms
26-Oct-2021 10:30:09.390 信息 [localhost-startStop-1] org.apache.catalina.startup.HostConfig.deployDirectory Deploying web application directory E:\suiyu\tomcat\apache-tomcat-8.0.53\webapps\host-manager
26-Oct-2021 10:30:09.526 信息 [localhost-startStop-1] org.apache.catalina.startup.HostConfig.deployDirectory Deployment of web application directory E:\suiyu\tomcat\apache-tomcat-8.0.53\webapps\host-manager has finished in 135 ms
26-Oct-2021 10:30:09.527 信息 [localhost-startStop-1] org.apache.catalina.startup.HostConfig.deployDirectory Deploying web application directory E:\suiyu\tomcat\apache-tomcat-8.0.53\webapps\manager
26-Oct-2021 10:30:09.606 信息 [localhost-startStop-1] org.apache.catalina.startup.HostConfig.deployDirectory Deployment of web application directory E:\suiyu\tomcat\apache-tomcat-8.0.53\webapps\manager has finished in 78 ms
26-Oct-2021 10:30:09.607 信息 [localhost-startStop-1] org.apache.catalina.startup.HostConfig.deployDirectory Deploying web application directory E:\suiyu\tomcat\apache-tomcat-8.0.53\webapps\ROOT
26-Oct-2021 10:30:09.682 信息 [localhost-startStop-1] org.apache.catalina.startup.HostConfig.deployDirectory Deployment of web application directory E:\suiyu\tomcat\apache-tomcat-8.0.53\webapps\ROOT has finished in 75 ms
26-Oct-2021 10:30:09.699 信息 [main] org.apache.coyote.AbstractProtocol.start Starting ProtocolHandler ["http-apr-8080"]
26-Oct-2021 10:30:09.772 信息 [main] org.apache.coyote.AbstractProtocol.start Starting ProtocolHandler ["ajp-apr-8009"]
26-Oct-2021 10:30:09.814 信息 [main] org.apache.catalina.startup.Catalina.start Server startup in 5873 ms
26-Oct-2021 10:31:05.139 严重 [ajp-apr-8009-exec-3] org.apache.coyote.ajp.AjpMessage.processHeader Invalid message received with signature 18245
26-Oct-2021 10:31:06.210 严重 [ajp-apr-8009-exec-5] org.apache.coyote.ajp.AjpMessage.processHeader Invalid message received with signature 18245
26-Oct-2021 10:31:06.215 严重 [ajp-apr-8009-exec-6] org.apache.coyote.ajp.AjpMessage.processHeader Invalid message received with signature 18245
26-Oct-2021 10:31:06.523 严重 [ajp-apr-8009-exec-8] org.apache.coyote.ajp.AjpMessage.processHeader Invalid message received with signature 18245
26-Oct-2021 10:31:11.564 严重 [ajp-apr-8009-exec-10] org.apache.coyote.ajp.AjpMessage.processHeader Invalid message received with signature 18245
26-Oct-2021 10:31:11.867 严重 [ajp-apr-8009-exec-2] org.apache.coyote.ajp.AjpMessage.processHeader Invalid message received with signature 18245
26-Oct-2021 10:35:43.575 信息 [main] org.apache.catalina.startup.VersionLoggerListener.log Server version:        Apache Tomcat/8.0.53
26-Oct-2021 10:35:43.592 信息 [main] org.apache.catalina.startup.VersionLoggerListener.log Server built:          Jun 29 2018 14:42:45 UTC
26-Oct-2021 10:35:43.593 信息 [main] org.apache.catalina.startup.VersionLoggerListener.log Server number:         8.0.53.0
26-Oct-2021 10:35:43.595 信息 [main] org.apache.catalina.startup.VersionLoggerListener.log OS Name:               Windows 10
26-Oct-2021 10:35:43.596 信息 [main] org.apache.catalina.startup.VersionLoggerListener.log OS Version:            10.0
26-Oct-2021 10:35:43.597 信息 [main] org.apache.catalina.startup.VersionLoggerListener.log Architecture:          amd64
26-Oct-2021 10:35:43.597 信息 [main] org.apache.catalina.startup.VersionLoggerListener.log Java Home:             D:\Java\jdk-9.0.4
26-Oct-2021 10:35:43.599 信息 [main] org.apache.catalina.startup.VersionLoggerListener.log JVM Version:           9.0.4+11
26-Oct-2021 10:35:43.599 信息 [main] org.apache.catalina.startup.VersionLoggerListener.log JVM Vendor:            Oracle Corporation
26-Oct-2021 10:35:43.600 信息 [main] org.apache.catalina.startup.VersionLoggerListener.log CATALINA_BASE:         E:\suiyu\tomcat\apache-tomcat-8.0.53
26-Oct-2021 10:35:43.602 信息 [main] org.apache.catalina.startup.VersionLoggerListener.log CATALINA_HOME:         E:\suiyu\tomcat\apache-tomcat-8.0.53
26-Oct-2021 10:35:43.604 信息 [main] org.apache.catalina.startup.VersionLoggerListener.log Command line argument: --add-opens=java.base/java.lang=ALL-UNNAMED
26-Oct-2021 10:35:43.605 信息 [main] org.apache.catalina.startup.VersionLoggerListener.log Command line argument: --add-opens=java.base/java.io=ALL-UNNAMED
26-Oct-2021 10:35:43.606 信息 [main] org.apache.catalina.startup.VersionLoggerListener.log Command line argument: --add-opens=java.rmi/sun.rmi.transport=ALL-UNNAMED
26-Oct-2021 10:35:43.607 信息 [main] org.apache.catalina.startup.VersionLoggerListener.log Command line argument: -Djava.util.logging.config.file=E:\suiyu\tomcat\apache-tomcat-8.0.53\conf\logging.properties
26-Oct-2021 10:35:43.607 信息 [main] org.apache.catalina.startup.VersionLoggerListener.log Command line argument: -Djava.util.logging.manager=org.apache.juli.ClassLoaderLogManager
26-Oct-2021 10:35:43.609 信息 [main] org.apache.catalina.startup.VersionLoggerListener.log Command line argument: -Djdk.tls.ephemeralDHKeySize=2048
26-Oct-2021 10:35:43.612 信息 [main] org.apache.catalina.startup.VersionLoggerListener.log Command line argument: -Djava.protocol.handler.pkgs=org.apache.catalina.webresources
26-Oct-2021 10:35:43.615 信息 [main] org.apache.catalina.startup.VersionLoggerListener.log Command line argument: -Dignore.endorsed.dirs=
26-Oct-2021 10:35:43.617 信息 [main] org.apache.catalina.startup.VersionLoggerListener.log Command line argument: -Dcatalina.base=E:\suiyu\tomcat\apache-tomcat-8.0.53
26-Oct-2021 10:35:43.619 信息 [main] org.apache.catalina.startup.VersionLoggerListener.log Command line argument: -Dcatalina.home=E:\suiyu\tomcat\apache-tomcat-8.0.53
26-Oct-2021 10:35:43.620 信息 [main] org.apache.catalina.startup.VersionLoggerListener.log Command line argument: -Djava.io.tmpdir=E:\suiyu\tomcat\apache-tomcat-8.0.53\temp
26-Oct-2021 10:35:43.622 信息 [main] org.apache.catalina.core.AprLifecycleListener.lifecycleEvent Loaded APR based Apache Tomcat Native library 1.2.17 using APR version 1.6.3.
26-Oct-2021 10:35:43.624 信息 [main] org.apache.catalina.core.AprLifecycleListener.lifecycleEvent APR capabilities: IPv6 [true], sendfile [true], accept filters [false], random [true].
26-Oct-2021 10:35:44.766 信息 [main] org.apache.catalina.core.AprLifecycleListener.initializeSSL OpenSSL successfully initialized (OpenSSL 1.0.2o  27 Mar 2018)
26-Oct-2021 10:35:44.892 信息 [main] org.apache.coyote.AbstractProtocol.init Initializing ProtocolHandler ["http-apr-8080"]
26-Oct-2021 10:35:44.940 信息 [main] org.apache.coyote.AbstractProtocol.init Initializing ProtocolHandler ["ajp-apr-8009"]
26-Oct-2021 10:35:44.947 信息 [main] org.apache.catalina.startup.Catalina.load Initialization processed in 2755 ms
26-Oct-2021 10:35:45.093 信息 [main] org.apache.catalina.core.StandardService.startInternal Starting service Catalina
26-Oct-2021 10:35:45.094 信息 [main] org.apache.catalina.core.StandardEngine.startInternal Starting Servlet Engine: Apache Tomcat/8.0.53
26-Oct-2021 10:35:45.143 信息 [localhost-startStop-1] org.apache.catalina.startup.HostConfig.deployDirectory Deploying web application directory E:\suiyu\tomcat\apache-tomcat-8.0.53\webapps\ch1
26-Oct-2021 10:35:47.662 警告 [localhost-startStop-1] org.apache.catalina.util.SessionIdGeneratorBase.createSecureRandom Creation of SecureRandom instance for session ID generation using [SHA1PRNG] took [1,507] milliseconds.
26-Oct-2021 10:35:47.725 信息 [localhost-startStop-1] org.apache.catalina.startup.HostConfig.deployDirectory Deployment of web application directory E:\suiyu\tomcat\apache-tomcat-8.0.53\webapps\ch1 has finished in 2,581 ms
26-Oct-2021 10:35:47.727 信息 [localhost-startStop-1] org.apache.catalina.startup.HostConfig.deployDirectory Deploying web application directory E:\suiyu\tomcat\apache-tomcat-8.0.53\webapps\ch10
26-Oct-2021 10:35:47.869 信息 [localhost-startStop-1] org.apache.catalina.startup.HostConfig.deployDirectory Deployment of web application directory E:\suiyu\tomcat\apache-tomcat-8.0.53\webapps\ch10 has finished in 142 ms
26-Oct-2021 10:35:47.870 信息 [localhost-startStop-1] org.apache.catalina.startup.HostConfig.deployDirectory Deploying web application directory E:\suiyu\tomcat\apache-tomcat-8.0.53\webapps\ch13
26-Oct-2021 10:35:48.131 信息 [localhost-startStop-1] org.apache.catalina.startup.HostConfig.deployDirectory Deployment of web application directory E:\suiyu\tomcat\apache-tomcat-8.0.53\webapps\ch13 has finished in 261 ms
26-Oct-2021 10:35:48.133 信息 [localhost-startStop-1] org.apache.catalina.startup.HostConfig.deployDirectory Deploying web application directory E:\suiyu\tomcat\apache-tomcat-8.0.53\webapps\ch2
26-Oct-2021 10:35:48.241 信息 [localhost-startStop-1] org.apache.catalina.startup.HostConfig.deployDirectory Deployment of web application directory E:\suiyu\tomcat\apache-tomcat-8.0.53\webapps\ch2 has finished in 107 ms
26-Oct-2021 10:35:48.242 信息 [localhost-startStop-1] org.apache.catalina.startup.HostConfig.deployDirectory Deploying web application directory E:\suiyu\tomcat\apache-tomcat-8.0.53\webapps\ch3
26-Oct-2021 10:35:48.303 信息 [localhost-startStop-1] org.apache.catalina.startup.HostConfig.deployDirectory Deployment of web application directory E:\suiyu\tomcat\apache-tomcat-8.0.53\webapps\ch3 has finished in 61 ms
26-Oct-2021 10:35:48.305 信息 [localhost-startStop-1] org.apache.catalina.startup.HostConfig.deployDirectory Deploying web application directory E:\suiyu\tomcat\apache-tomcat-8.0.53\webapps\ch4
26-Oct-2021 10:35:48.392 信息 [localhost-startStop-1] org.apache.catalina.startup.HostConfig.deployDirectory Deployment of web application directory E:\suiyu\tomcat\apache-tomcat-8.0.53\webapps\ch4 has finished in 87 ms
26-Oct-2021 10:35:48.393 信息 [localhost-startStop-1] org.apache.catalina.startup.HostConfig.deployDirectory Deploying web application directory E:\suiyu\tomcat\apache-tomcat-8.0.53\webapps\ch5
26-Oct-2021 10:35:48.501 信息 [localhost-startStop-1] org.apache.catalina.startup.HostConfig.deployDirectory Deployment of web application directory E:\suiyu\tomcat\apache-tomcat-8.0.53\webapps\ch5 has finished in 108 ms
26-Oct-2021 10:35:48.503 信息 [localhost-startStop-1] org.apache.catalina.startup.HostConfig.deployDirectory Deploying web application directory E:\suiyu\tomcat\apache-tomcat-8.0.53\webapps\ch6
26-Oct-2021 10:35:48.664 信息 [localhost-startStop-1] org.apache.catalina.startup.HostConfig.deployDirectory Deployment of web application directory E:\suiyu\tomcat\apache-tomcat-8.0.53\webapps\ch6 has finished in 162 ms
26-Oct-2021 10:35:48.665 信息 [localhost-startStop-1] org.apache.catalina.startup.HostConfig.deployDirectory Deploying web application directory E:\suiyu\tomcat\apache-tomcat-8.0.53\webapps\ch666
26-Oct-2021 10:35:48.751 信息 [localhost-startStop-1] org.apache.catalina.startup.HostConfig.deployDirectory Deployment of web application directory E:\suiyu\tomcat\apache-tomcat-8.0.53\webapps\ch666 has finished in 86 ms
26-Oct-2021 10:35:48.752 信息 [localhost-startStop-1] org.apache.catalina.startup.HostConfig.deployDirectory Deploying web application directory E:\suiyu\tomcat\apache-tomcat-8.0.53\webapps\ch7
26-Oct-2021 10:35:48.902 信息 [localhost-startStop-1] org.apache.catalina.startup.HostConfig.deployDirectory Deployment of web application directory E:\suiyu\tomcat\apache-tomcat-8.0.53\webapps\ch7 has finished in 149 ms
26-Oct-2021 10:35:48.903 信息 [localhost-startStop-1] org.apache.catalina.startup.HostConfig.deployDirectory Deploying web application directory E:\suiyu\tomcat\apache-tomcat-8.0.53\webapps\docs
26-Oct-2021 10:35:48.972 信息 [localhost-startStop-1] org.apache.catalina.startup.HostConfig.deployDirectory Deployment of web application directory E:\suiyu\tomcat\apache-tomcat-8.0.53\webapps\docs has finished in 68 ms
26-Oct-2021 10:35:48.973 信息 [localhost-startStop-1] org.apache.catalina.startup.HostConfig.deployDirectory Deploying web application directory E:\suiyu\tomcat\apache-tomcat-8.0.53\webapps\examples
26-Oct-2021 10:35:49.991 信息 [localhost-startStop-1] org.apache.catalina.startup.HostConfig.deployDirectory Deployment of web application directory E:\suiyu\tomcat\apache-tomcat-8.0.53\webapps\examples has finished in 1,017 ms
26-Oct-2021 10:35:49.992 信息 [localhost-startStop-1] org.apache.catalina.startup.HostConfig.deployDirectory Deploying web application directory E:\suiyu\tomcat\apache-tomcat-8.0.53\webapps\host-manager
26-Oct-2021 10:35:50.085 信息 [localhost-startStop-1] org.apache.catalina.startup.HostConfig.deployDirectory Deployment of web application directory E:\suiyu\tomcat\apache-tomcat-8.0.53\webapps\host-manager has finished in 93 ms
26-Oct-2021 10:35:50.086 信息 [localhost-startStop-1] org.apache.catalina.startup.HostConfig.deployDirectory Deploying web application directory E:\suiyu\tomcat\apache-tomcat-8.0.53\webapps\manager
26-Oct-2021 10:35:50.177 信息 [localhost-startStop-1] org.apache.catalina.startup.HostConfig.deployDirectory Deployment of web application directory E:\suiyu\tomcat\apache-tomcat-8.0.53\webapps\manager has finished in 90 ms
26-Oct-2021 10:35:50.178 信息 [localhost-startStop-1] org.apache.catalina.startup.HostConfig.deployDirectory Deploying web application directory E:\suiyu\tomcat\apache-tomcat-8.0.53\webapps\ROOT
26-Oct-2021 10:35:50.262 信息 [localhost-startStop-1] org.apache.catalina.startup.HostConfig.deployDirectory Deployment of web application directory E:\suiyu\tomcat\apache-tomcat-8.0.53\webapps\ROOT has finished in 84 ms
26-Oct-2021 10:35:50.284 信息 [main] org.apache.coyote.AbstractProtocol.start Starting ProtocolHandler ["http-apr-8080"]
26-Oct-2021 10:35:50.403 信息 [main] org.apache.coyote.AbstractProtocol.start Starting ProtocolHandler ["ajp-apr-8009"]
26-Oct-2021 10:35:50.466 信息 [main] org.apache.catalina.startup.Catalina.start Server startup in 5516 ms
