09-Nov-2018 22:09:21.543 信息 [main] org.apache.catalina.startup.VersionLoggerListener.log Server version:        Apache Tomcat/8.0.53
09-Nov-2018 22:09:21.543 信息 [main] org.apache.catalina.startup.VersionLoggerListener.log Server built:          Jun 29 2018 14:42:45 UTC
09-Nov-2018 22:09:21.543 信息 [main] org.apache.catalina.startup.VersionLoggerListener.log Server number:         8.0.53.0
09-Nov-2018 22:09:21.543 信息 [main] org.apache.catalina.startup.VersionLoggerListener.log OS Name:               Windows 10
09-Nov-2018 22:09:21.543 信息 [main] org.apache.catalina.startup.VersionLoggerListener.log OS Version:            10.0
09-Nov-2018 22:09:21.543 信息 [main] org.apache.catalina.startup.VersionLoggerListener.log Architecture:          amd64
09-Nov-2018 22:09:21.543 信息 [main] org.apache.catalina.startup.VersionLoggerListener.log Java Home:             C:\Program Files\Java\jdk1.8.0_92\jre
09-Nov-2018 22:09:21.543 信息 [main] org.apache.catalina.startup.VersionLoggerListener.log JVM Version:           1.8.0_92-b14
09-Nov-2018 22:09:21.543 信息 [main] org.apache.catalina.startup.VersionLoggerListener.log JVM Vendor:            Oracle Corporation
09-Nov-2018 22:09:21.543 信息 [main] org.apache.catalina.startup.VersionLoggerListener.log CATALINA_BASE:         D:\apache-tomcat-8.0.53
09-Nov-2018 22:09:21.543 信息 [main] org.apache.catalina.startup.VersionLoggerListener.log CATALINA_HOME:         D:\apache-tomcat-8.0.53
09-Nov-2018 22:09:21.543 信息 [main] org.apache.catalina.startup.VersionLoggerListener.log Command line argument: -Djava.util.logging.config.file=D:\apache-tomcat-8.0.53\conf\logging.properties
09-Nov-2018 22:09:21.543 信息 [main] org.apache.catalina.startup.VersionLoggerListener.log Command line argument: -Djava.util.logging.manager=org.apache.juli.ClassLoaderLogManager
09-Nov-2018 22:09:21.543 信息 [main] org.apache.catalina.startup.VersionLoggerListener.log Command line argument: -Djdk.tls.ephemeralDHKeySize=2048
09-Nov-2018 22:09:21.543 信息 [main] org.apache.catalina.startup.VersionLoggerListener.log Command line argument: -Djava.protocol.handler.pkgs=org.apache.catalina.webresources
09-Nov-2018 22:09:21.543 信息 [main] org.apache.catalina.startup.VersionLoggerListener.log Command line argument: -Dignore.endorsed.dirs=
09-Nov-2018 22:09:21.543 信息 [main] org.apache.catalina.startup.VersionLoggerListener.log Command line argument: -Dcatalina.base=D:\apache-tomcat-8.0.53
09-Nov-2018 22:09:21.559 信息 [main] org.apache.catalina.startup.VersionLoggerListener.log Command line argument: -Dcatalina.home=D:\apache-tomcat-8.0.53
09-Nov-2018 22:09:21.559 信息 [main] org.apache.catalina.startup.VersionLoggerListener.log Command line argument: -Djava.io.tmpdir=D:\apache-tomcat-8.0.53\temp
09-Nov-2018 22:09:21.560 信息 [main] org.apache.catalina.core.AprLifecycleListener.lifecycleEvent Loaded APR based Apache Tomcat Native library 1.2.17 using APR version 1.6.3.
09-Nov-2018 22:09:21.560 信息 [main] org.apache.catalina.core.AprLifecycleListener.lifecycleEvent APR capabilities: IPv6 [true], sendfile [true], accept filters [false], random [true].
09-Nov-2018 22:09:22.306 信息 [main] org.apache.catalina.core.AprLifecycleListener.initializeSSL OpenSSL successfully initialized (OpenSSL 1.0.2o  27 Mar 2018)
09-Nov-2018 22:09:22.463 信息 [main] org.apache.coyote.AbstractProtocol.init Initializing ProtocolHandler ["http-apr-8080"]
09-Nov-2018 22:09:22.491 信息 [main] org.apache.coyote.AbstractProtocol.init Initializing ProtocolHandler ["ajp-apr-8009"]
09-Nov-2018 22:09:22.493 信息 [main] org.apache.catalina.startup.Catalina.load Initialization processed in 1313 ms
09-Nov-2018 22:09:22.529 信息 [main] org.apache.catalina.core.StandardService.startInternal Starting service Catalina
09-Nov-2018 22:09:22.529 信息 [main] org.apache.catalina.core.StandardEngine.startInternal Starting Servlet Engine: Apache Tomcat/8.0.53
09-Nov-2018 22:09:22.533 信息 [localhost-startStop-1] org.apache.catalina.startup.HostConfig.deployDirectory Deploying web application directory D:\apache-tomcat-8.0.53\webapps\docs
09-Nov-2018 22:09:23.235 警告 [localhost-startStop-1] org.apache.catalina.util.SessionIdGeneratorBase.createSecureRandom Creation of SecureRandom instance for session ID generation using [SHA1PRNG] took [380] milliseconds.
09-Nov-2018 22:09:23.251 信息 [localhost-startStop-1] org.apache.catalina.startup.HostConfig.deployDirectory Deployment of web application directory D:\apache-tomcat-8.0.53\webapps\docs has finished in 718 ms
09-Nov-2018 22:09:23.251 信息 [localhost-startStop-1] org.apache.catalina.startup.HostConfig.deployDirectory Deploying web application directory D:\apache-tomcat-8.0.53\webapps\examples
09-Nov-2018 22:09:23.680 信息 [localhost-startStop-1] org.apache.catalina.startup.HostConfig.deployDirectory Deployment of web application directory D:\apache-tomcat-8.0.53\webapps\examples has finished in 429 ms
09-Nov-2018 22:09:23.680 信息 [localhost-startStop-1] org.apache.catalina.startup.HostConfig.deployDirectory Deploying web application directory D:\apache-tomcat-8.0.53\webapps\host-manager
09-Nov-2018 22:09:23.727 信息 [localhost-startStop-1] org.apache.catalina.startup.HostConfig.deployDirectory Deployment of web application directory D:\apache-tomcat-8.0.53\webapps\host-manager has finished in 47 ms
09-Nov-2018 22:09:23.727 信息 [localhost-startStop-1] org.apache.catalina.startup.HostConfig.deployDirectory Deploying web application directory D:\apache-tomcat-8.0.53\webapps\manager
09-Nov-2018 22:09:23.763 信息 [localhost-startStop-1] org.apache.catalina.startup.HostConfig.deployDirectory Deployment of web application directory D:\apache-tomcat-8.0.53\webapps\manager has finished in 36 ms
09-Nov-2018 22:09:23.763 信息 [localhost-startStop-1] org.apache.catalina.startup.HostConfig.deployDirectory Deploying web application directory D:\apache-tomcat-8.0.53\webapps\ROOT
09-Nov-2018 22:09:23.778 信息 [localhost-startStop-1] org.apache.catalina.startup.HostConfig.deployDirectory Deployment of web application directory D:\apache-tomcat-8.0.53\webapps\ROOT has finished in 15 ms
09-Nov-2018 22:09:23.778 信息 [main] org.apache.coyote.AbstractProtocol.start Starting ProtocolHandler ["http-apr-8080"]
09-Nov-2018 22:09:23.794 信息 [main] org.apache.coyote.AbstractProtocol.start Starting ProtocolHandler ["ajp-apr-8009"]
09-Nov-2018 22:09:23.811 信息 [main] org.apache.catalina.startup.Catalina.start Server startup in 1317 ms
09-Nov-2018 22:10:24.485 信息 [main] org.apache.catalina.startup.VersionLoggerListener.log Server version:        Apache Tomcat/8.0.53
09-Nov-2018 22:10:24.485 信息 [main] org.apache.catalina.startup.VersionLoggerListener.log Server built:          Jun 29 2018 14:42:45 UTC
09-Nov-2018 22:10:24.485 信息 [main] org.apache.catalina.startup.VersionLoggerListener.log Server number:         8.0.53.0
09-Nov-2018 22:10:24.485 信息 [main] org.apache.catalina.startup.VersionLoggerListener.log OS Name:               Windows 10
09-Nov-2018 22:10:24.485 信息 [main] org.apache.catalina.startup.VersionLoggerListener.log OS Version:            10.0
09-Nov-2018 22:10:24.485 信息 [main] org.apache.catalina.startup.VersionLoggerListener.log Architecture:          amd64
09-Nov-2018 22:10:24.485 信息 [main] org.apache.catalina.startup.VersionLoggerListener.log Java Home:             C:\Program Files\Java\jdk1.8.0_92\jre
09-Nov-2018 22:10:24.485 信息 [main] org.apache.catalina.startup.VersionLoggerListener.log JVM Version:           1.8.0_92-b14
09-Nov-2018 22:10:24.485 信息 [main] org.apache.catalina.startup.VersionLoggerListener.log JVM Vendor:            Oracle Corporation
09-Nov-2018 22:10:24.485 信息 [main] org.apache.catalina.startup.VersionLoggerListener.log CATALINA_BASE:         D:\apache-tomcat-8.0.53
09-Nov-2018 22:10:24.485 信息 [main] org.apache.catalina.startup.VersionLoggerListener.log CATALINA_HOME:         D:\apache-tomcat-8.0.53
09-Nov-2018 22:10:24.485 信息 [main] org.apache.catalina.startup.VersionLoggerListener.log Command line argument: -Djava.util.logging.config.file=D:\apache-tomcat-8.0.53\conf\logging.properties
09-Nov-2018 22:10:24.485 信息 [main] org.apache.catalina.startup.VersionLoggerListener.log Command line argument: -Djava.util.logging.manager=org.apache.juli.ClassLoaderLogManager
09-Nov-2018 22:10:24.485 信息 [main] org.apache.catalina.startup.VersionLoggerListener.log Command line argument: -Djdk.tls.ephemeralDHKeySize=2048
09-Nov-2018 22:10:24.485 信息 [main] org.apache.catalina.startup.VersionLoggerListener.log Command line argument: -Djava.protocol.handler.pkgs=org.apache.catalina.webresources
09-Nov-2018 22:10:24.485 信息 [main] org.apache.catalina.startup.VersionLoggerListener.log Command line argument: -Dignore.endorsed.dirs=
09-Nov-2018 22:10:24.485 信息 [main] org.apache.catalina.startup.VersionLoggerListener.log Command line argument: -Dcatalina.base=D:\apache-tomcat-8.0.53
09-Nov-2018 22:10:24.500 信息 [main] org.apache.catalina.startup.VersionLoggerListener.log Command line argument: -Dcatalina.home=D:\apache-tomcat-8.0.53
09-Nov-2018 22:10:24.500 信息 [main] org.apache.catalina.startup.VersionLoggerListener.log Command line argument: -Djava.io.tmpdir=D:\apache-tomcat-8.0.53\temp
09-Nov-2018 22:10:24.500 信息 [main] org.apache.catalina.core.AprLifecycleListener.lifecycleEvent Loaded APR based Apache Tomcat Native library 1.2.17 using APR version 1.6.3.
09-Nov-2018 22:10:24.500 信息 [main] org.apache.catalina.core.AprLifecycleListener.lifecycleEvent APR capabilities: IPv6 [true], sendfile [true], accept filters [false], random [true].
09-Nov-2018 22:10:25.171 信息 [main] org.apache.catalina.core.AprLifecycleListener.initializeSSL OpenSSL successfully initialized (OpenSSL 1.0.2o  27 Mar 2018)
09-Nov-2018 22:10:25.338 信息 [main] org.apache.coyote.AbstractProtocol.init Initializing ProtocolHandler ["http-apr-8080"]
09-Nov-2018 22:10:25.354 信息 [main] org.apache.coyote.AbstractProtocol.init Initializing ProtocolHandler ["ajp-apr-8009"]
09-Nov-2018 22:10:25.354 信息 [main] org.apache.catalina.startup.Catalina.load Initialization processed in 1214 ms
09-Nov-2018 22:10:25.385 信息 [main] org.apache.catalina.core.StandardService.startInternal Starting service Catalina
09-Nov-2018 22:10:25.385 信息 [main] org.apache.catalina.core.StandardEngine.startInternal Starting Servlet Engine: Apache Tomcat/8.0.53
09-Nov-2018 22:10:25.402 信息 [localhost-startStop-1] org.apache.catalina.startup.HostConfig.deployDirectory Deploying web application directory D:\apache-tomcat-8.0.53\webapps\ch10
09-Nov-2018 22:10:26.053 警告 [localhost-startStop-1] org.apache.catalina.util.SessionIdGeneratorBase.createSecureRandom Creation of SecureRandom instance for session ID generation using [SHA1PRNG] took [362] milliseconds.
09-Nov-2018 22:10:26.068 信息 [localhost-startStop-1] org.apache.catalina.startup.HostConfig.deployDirectory Deployment of web application directory D:\apache-tomcat-8.0.53\webapps\ch10 has finished in 666 ms
09-Nov-2018 22:10:26.068 信息 [localhost-startStop-1] org.apache.catalina.startup.HostConfig.deployDirectory Deploying web application directory D:\apache-tomcat-8.0.53\webapps\ch2
09-Nov-2018 22:10:26.099 信息 [localhost-startStop-1] org.apache.catalina.startup.HostConfig.deployDirectory Deployment of web application directory D:\apache-tomcat-8.0.53\webapps\ch2 has finished in 31 ms
09-Nov-2018 22:10:26.099 信息 [localhost-startStop-1] org.apache.catalina.startup.HostConfig.deployDirectory Deploying web application directory D:\apache-tomcat-8.0.53\webapps\ch3
09-Nov-2018 22:10:26.116 信息 [localhost-startStop-1] org.apache.catalina.startup.HostConfig.deployDirectory Deployment of web application directory D:\apache-tomcat-8.0.53\webapps\ch3 has finished in 17 ms
09-Nov-2018 22:10:26.116 信息 [localhost-startStop-1] org.apache.catalina.startup.HostConfig.deployDirectory Deploying web application directory D:\apache-tomcat-8.0.53\webapps\ch4
09-Nov-2018 22:10:26.163 信息 [localhost-startStop-1] org.apache.catalina.startup.HostConfig.deployDirectory Deployment of web application directory D:\apache-tomcat-8.0.53\webapps\ch4 has finished in 47 ms
09-Nov-2018 22:10:26.163 信息 [localhost-startStop-1] org.apache.catalina.startup.HostConfig.deployDirectory Deploying web application directory D:\apache-tomcat-8.0.53\webapps\ch5
09-Nov-2018 22:10:26.210 信息 [localhost-startStop-1] org.apache.catalina.startup.HostConfig.deployDirectory Deployment of web application directory D:\apache-tomcat-8.0.53\webapps\ch5 has finished in 47 ms
09-Nov-2018 22:10:26.210 信息 [localhost-startStop-1] org.apache.catalina.startup.HostConfig.deployDirectory Deploying web application directory D:\apache-tomcat-8.0.53\webapps\ch6
09-Nov-2018 22:10:26.273 信息 [localhost-startStop-1] org.apache.catalina.startup.HostConfig.deployDirectory Deployment of web application directory D:\apache-tomcat-8.0.53\webapps\ch6 has finished in 63 ms
09-Nov-2018 22:10:26.273 信息 [localhost-startStop-1] org.apache.catalina.startup.HostConfig.deployDirectory Deploying web application directory D:\apache-tomcat-8.0.53\webapps\ch7
09-Nov-2018 22:10:26.336 信息 [localhost-startStop-1] org.apache.catalina.startup.HostConfig.deployDirectory Deployment of web application directory D:\apache-tomcat-8.0.53\webapps\ch7 has finished in 63 ms
09-Nov-2018 22:10:26.336 信息 [localhost-startStop-1] org.apache.catalina.startup.HostConfig.deployDirectory Deploying web application directory D:\apache-tomcat-8.0.53\webapps\docs
09-Nov-2018 22:10:26.351 信息 [localhost-startStop-1] org.apache.catalina.startup.HostConfig.deployDirectory Deployment of web application directory D:\apache-tomcat-8.0.53\webapps\docs has finished in 15 ms
09-Nov-2018 22:10:26.351 信息 [localhost-startStop-1] org.apache.catalina.startup.HostConfig.deployDirectory Deploying web application directory D:\apache-tomcat-8.0.53\webapps\examples
09-Nov-2018 22:10:26.745 信息 [localhost-startStop-1] org.apache.catalina.startup.HostConfig.deployDirectory Deployment of web application directory D:\apache-tomcat-8.0.53\webapps\examples has finished in 394 ms
09-Nov-2018 22:10:26.745 信息 [localhost-startStop-1] org.apache.catalina.startup.HostConfig.deployDirectory Deploying web application directory D:\apache-tomcat-8.0.53\webapps\host-manager
09-Nov-2018 22:10:26.776 信息 [localhost-startStop-1] org.apache.catalina.startup.HostConfig.deployDirectory Deployment of web application directory D:\apache-tomcat-8.0.53\webapps\host-manager has finished in 31 ms
09-Nov-2018 22:10:26.776 信息 [localhost-startStop-1] org.apache.catalina.startup.HostConfig.deployDirectory Deploying web application directory D:\apache-tomcat-8.0.53\webapps\manager
09-Nov-2018 22:10:26.809 信息 [localhost-startStop-1] org.apache.catalina.startup.HostConfig.deployDirectory Deployment of web application directory D:\apache-tomcat-8.0.53\webapps\manager has finished in 33 ms
09-Nov-2018 22:10:26.809 信息 [localhost-startStop-1] org.apache.catalina.startup.HostConfig.deployDirectory Deploying web application directory D:\apache-tomcat-8.0.53\webapps\ROOT
09-Nov-2018 22:10:26.841 信息 [localhost-startStop-1] org.apache.catalina.startup.HostConfig.deployDirectory Deployment of web application directory D:\apache-tomcat-8.0.53\webapps\ROOT has finished in 32 ms
09-Nov-2018 22:10:26.841 信息 [main] org.apache.coyote.AbstractProtocol.start Starting ProtocolHandler ["http-apr-8080"]
09-Nov-2018 22:10:26.867 信息 [main] org.apache.coyote.AbstractProtocol.start Starting ProtocolHandler ["ajp-apr-8009"]
09-Nov-2018 22:10:26.867 信息 [main] org.apache.catalina.startup.Catalina.start Server startup in 1519 ms
09-Nov-2018 22:11:13.608 信息 [Thread-3] org.apache.coyote.AbstractProtocol.pause Pausing ProtocolHandler ["http-apr-8080"]
09-Nov-2018 22:11:21.950 信息 [main] org.apache.catalina.startup.VersionLoggerListener.log Server version:        Apache Tomcat/8.0.53
09-Nov-2018 22:11:21.950 信息 [main] org.apache.catalina.startup.VersionLoggerListener.log Server built:          Jun 29 2018 14:42:45 UTC
09-Nov-2018 22:11:21.950 信息 [main] org.apache.catalina.startup.VersionLoggerListener.log Server number:         8.0.53.0
09-Nov-2018 22:11:21.950 信息 [main] org.apache.catalina.startup.VersionLoggerListener.log OS Name:               Windows 10
09-Nov-2018 22:11:21.950 信息 [main] org.apache.catalina.startup.VersionLoggerListener.log OS Version:            10.0
09-Nov-2018 22:11:21.950 信息 [main] org.apache.catalina.startup.VersionLoggerListener.log Architecture:          amd64
09-Nov-2018 22:11:21.950 信息 [main] org.apache.catalina.startup.VersionLoggerListener.log Java Home:             C:\Program Files\Java\jdk1.8.0_92\jre
09-Nov-2018 22:11:21.950 信息 [main] org.apache.catalina.startup.VersionLoggerListener.log JVM Version:           1.8.0_92-b14
09-Nov-2018 22:11:21.950 信息 [main] org.apache.catalina.startup.VersionLoggerListener.log JVM Vendor:            Oracle Corporation
09-Nov-2018 22:11:21.950 信息 [main] org.apache.catalina.startup.VersionLoggerListener.log CATALINA_BASE:         D:\apache-tomcat-8.0.53
09-Nov-2018 22:11:21.950 信息 [main] org.apache.catalina.startup.VersionLoggerListener.log CATALINA_HOME:         D:\apache-tomcat-8.0.53
09-Nov-2018 22:11:21.950 信息 [main] org.apache.catalina.startup.VersionLoggerListener.log Command line argument: -Djava.util.logging.config.file=D:\apache-tomcat-8.0.53\conf\logging.properties
09-Nov-2018 22:11:21.950 信息 [main] org.apache.catalina.startup.VersionLoggerListener.log Command line argument: -Djava.util.logging.manager=org.apache.juli.ClassLoaderLogManager
09-Nov-2018 22:11:21.950 信息 [main] org.apache.catalina.startup.VersionLoggerListener.log Command line argument: -Djdk.tls.ephemeralDHKeySize=2048
09-Nov-2018 22:11:21.966 信息 [main] org.apache.catalina.startup.VersionLoggerListener.log Command line argument: -Djava.protocol.handler.pkgs=org.apache.catalina.webresources
09-Nov-2018 22:11:21.966 信息 [main] org.apache.catalina.startup.VersionLoggerListener.log Command line argument: -Dignore.endorsed.dirs=
09-Nov-2018 22:11:21.966 信息 [main] org.apache.catalina.startup.VersionLoggerListener.log Command line argument: -Dcatalina.base=D:\apache-tomcat-8.0.53
09-Nov-2018 22:11:21.967 信息 [main] org.apache.catalina.startup.VersionLoggerListener.log Command line argument: -Dcatalina.home=D:\apache-tomcat-8.0.53
09-Nov-2018 22:11:21.967 信息 [main] org.apache.catalina.startup.VersionLoggerListener.log Command line argument: -Djava.io.tmpdir=D:\apache-tomcat-8.0.53\temp
09-Nov-2018 22:11:21.967 信息 [main] org.apache.catalina.core.AprLifecycleListener.lifecycleEvent Loaded APR based Apache Tomcat Native library 1.2.17 using APR version 1.6.3.
09-Nov-2018 22:11:21.967 信息 [main] org.apache.catalina.core.AprLifecycleListener.lifecycleEvent APR capabilities: IPv6 [true], sendfile [true], accept filters [false], random [true].
09-Nov-2018 22:11:22.648 信息 [main] org.apache.catalina.core.AprLifecycleListener.initializeSSL OpenSSL successfully initialized (OpenSSL 1.0.2o  27 Mar 2018)
09-Nov-2018 22:11:22.805 信息 [main] org.apache.coyote.AbstractProtocol.init Initializing ProtocolHandler ["http-apr-8080"]
09-Nov-2018 22:11:22.837 信息 [main] org.apache.coyote.AbstractProtocol.init Initializing ProtocolHandler ["ajp-apr-8009"]
09-Nov-2018 22:11:22.837 信息 [main] org.apache.catalina.startup.Catalina.load Initialization processed in 1234 ms
09-Nov-2018 22:11:22.879 信息 [main] org.apache.catalina.core.StandardService.startInternal Starting service Catalina
09-Nov-2018 22:11:22.879 信息 [main] org.apache.catalina.core.StandardEngine.startInternal Starting Servlet Engine: Apache Tomcat/8.0.53
09-Nov-2018 22:11:22.880 信息 [localhost-startStop-1] org.apache.catalina.startup.HostConfig.deployDirectory Deploying web application directory D:\apache-tomcat-8.0.53\webapps\docs
09-Nov-2018 22:11:23.490 警告 [localhost-startStop-1] org.apache.catalina.util.SessionIdGeneratorBase.createSecureRandom Creation of SecureRandom instance for session ID generation using [SHA1PRNG] took [365] milliseconds.
09-Nov-2018 22:11:23.506 信息 [localhost-startStop-1] org.apache.catalina.startup.HostConfig.deployDirectory Deployment of web application directory D:\apache-tomcat-8.0.53\webapps\docs has finished in 626 ms
09-Nov-2018 22:11:23.506 信息 [localhost-startStop-1] org.apache.catalina.startup.HostConfig.deployDirectory Deploying web application directory D:\apache-tomcat-8.0.53\webapps\examples
09-Nov-2018 22:11:23.937 信息 [localhost-startStop-1] org.apache.catalina.startup.HostConfig.deployDirectory Deployment of web application directory D:\apache-tomcat-8.0.53\webapps\examples has finished in 431 ms
09-Nov-2018 22:11:23.937 信息 [localhost-startStop-1] org.apache.catalina.startup.HostConfig.deployDirectory Deploying web application directory D:\apache-tomcat-8.0.53\webapps\host-manager
09-Nov-2018 22:11:23.970 信息 [localhost-startStop-1] org.apache.catalina.startup.HostConfig.deployDirectory Deployment of web application directory D:\apache-tomcat-8.0.53\webapps\host-manager has finished in 33 ms
09-Nov-2018 22:11:23.970 信息 [localhost-startStop-1] org.apache.catalina.startup.HostConfig.deployDirectory Deploying web application directory D:\apache-tomcat-8.0.53\webapps\manager
09-Nov-2018 22:11:24.006 信息 [localhost-startStop-1] org.apache.catalina.startup.HostConfig.deployDirectory Deployment of web application directory D:\apache-tomcat-8.0.53\webapps\manager has finished in 36 ms
09-Nov-2018 22:11:24.006 信息 [localhost-startStop-1] org.apache.catalina.startup.HostConfig.deployDirectory Deploying web application directory D:\apache-tomcat-8.0.53\webapps\ROOT
09-Nov-2018 22:11:24.038 信息 [localhost-startStop-1] org.apache.catalina.startup.HostConfig.deployDirectory Deployment of web application directory D:\apache-tomcat-8.0.53\webapps\ROOT has finished in 32 ms
09-Nov-2018 22:11:24.038 信息 [main] org.apache.coyote.AbstractProtocol.start Starting ProtocolHandler ["http-apr-8080"]
09-Nov-2018 22:11:24.054 信息 [main] org.apache.coyote.AbstractProtocol.start Starting ProtocolHandler ["ajp-apr-8009"]
09-Nov-2018 22:11:24.054 信息 [main] org.apache.catalina.startup.Catalina.start Server startup in 1223 ms
09-Nov-2018 22:11:28.788 信息 [Thread-3] org.apache.coyote.AbstractProtocol.pause Pausing ProtocolHandler ["http-apr-8080"]
09-Nov-2018 22:11:55.104 信息 [main] org.apache.catalina.startup.VersionLoggerListener.log Server version:        Apache Tomcat/8.0.53
09-Nov-2018 22:11:55.119 信息 [main] org.apache.catalina.startup.VersionLoggerListener.log Server built:          Jun 29 2018 14:42:45 UTC
09-Nov-2018 22:11:55.119 信息 [main] org.apache.catalina.startup.VersionLoggerListener.log Server number:         8.0.53.0
09-Nov-2018 22:11:55.119 信息 [main] org.apache.catalina.startup.VersionLoggerListener.log OS Name:               Windows 10
09-Nov-2018 22:11:55.119 信息 [main] org.apache.catalina.startup.VersionLoggerListener.log OS Version:            10.0
09-Nov-2018 22:11:55.119 信息 [main] org.apache.catalina.startup.VersionLoggerListener.log Architecture:          amd64
09-Nov-2018 22:11:55.119 信息 [main] org.apache.catalina.startup.VersionLoggerListener.log Java Home:             C:\Program Files\Java\jdk1.8.0_92\jre
09-Nov-2018 22:11:55.119 信息 [main] org.apache.catalina.startup.VersionLoggerListener.log JVM Version:           1.8.0_92-b14
09-Nov-2018 22:11:55.119 信息 [main] org.apache.catalina.startup.VersionLoggerListener.log JVM Vendor:            Oracle Corporation
09-Nov-2018 22:11:55.119 信息 [main] org.apache.catalina.startup.VersionLoggerListener.log CATALINA_BASE:         D:\apache-tomcat-8.0.53
09-Nov-2018 22:11:55.119 信息 [main] org.apache.catalina.startup.VersionLoggerListener.log CATALINA_HOME:         D:\apache-tomcat-8.0.53
09-Nov-2018 22:11:55.119 信息 [main] org.apache.catalina.startup.VersionLoggerListener.log Command line argument: -Djava.util.logging.config.file=D:\apache-tomcat-8.0.53\conf\logging.properties
09-Nov-2018 22:11:55.119 信息 [main] org.apache.catalina.startup.VersionLoggerListener.log Command line argument: -Djava.util.logging.manager=org.apache.juli.ClassLoaderLogManager
09-Nov-2018 22:11:55.119 信息 [main] org.apache.catalina.startup.VersionLoggerListener.log Command line argument: -Djdk.tls.ephemeralDHKeySize=2048
09-Nov-2018 22:11:55.119 信息 [main] org.apache.catalina.startup.VersionLoggerListener.log Command line argument: -Djava.protocol.handler.pkgs=org.apache.catalina.webresources
09-Nov-2018 22:11:55.119 信息 [main] org.apache.catalina.startup.VersionLoggerListener.log Command line argument: -Dignore.endorsed.dirs=
09-Nov-2018 22:11:55.119 信息 [main] org.apache.catalina.startup.VersionLoggerListener.log Command line argument: -Dcatalina.base=D:\apache-tomcat-8.0.53
09-Nov-2018 22:11:55.119 信息 [main] org.apache.catalina.startup.VersionLoggerListener.log Command line argument: -Dcatalina.home=D:\apache-tomcat-8.0.53
09-Nov-2018 22:11:55.119 信息 [main] org.apache.catalina.startup.VersionLoggerListener.log Command line argument: -Djava.io.tmpdir=D:\apache-tomcat-8.0.53\temp
09-Nov-2018 22:11:55.119 信息 [main] org.apache.catalina.core.AprLifecycleListener.lifecycleEvent Loaded APR based Apache Tomcat Native library 1.2.17 using APR version 1.6.3.
09-Nov-2018 22:11:55.130 信息 [main] org.apache.catalina.core.AprLifecycleListener.lifecycleEvent APR capabilities: IPv6 [true], sendfile [true], accept filters [false], random [true].
09-Nov-2018 22:11:55.871 信息 [main] org.apache.catalina.core.AprLifecycleListener.initializeSSL OpenSSL successfully initialized (OpenSSL 1.0.2o  27 Mar 2018)
09-Nov-2018 22:11:56.040 信息 [main] org.apache.coyote.AbstractProtocol.init Initializing ProtocolHandler ["http-apr-8080"]
09-Nov-2018 22:11:56.073 信息 [main] org.apache.coyote.AbstractProtocol.init Initializing ProtocolHandler ["ajp-apr-8009"]
09-Nov-2018 22:11:56.076 信息 [main] org.apache.catalina.startup.Catalina.load Initialization processed in 1338 ms
09-Nov-2018 22:11:56.109 信息 [main] org.apache.catalina.core.StandardService.startInternal Starting service Catalina
09-Nov-2018 22:11:56.109 信息 [main] org.apache.catalina.core.StandardEngine.startInternal Starting Servlet Engine: Apache Tomcat/8.0.53
09-Nov-2018 22:11:56.114 信息 [localhost-startStop-1] org.apache.catalina.startup.HostConfig.deployDirectory Deploying web application directory D:\apache-tomcat-8.0.53\webapps\ch10
09-Nov-2018 22:11:56.783 警告 [localhost-startStop-1] org.apache.catalina.util.SessionIdGeneratorBase.createSecureRandom Creation of SecureRandom instance for session ID generation using [SHA1PRNG] took [384] milliseconds.
09-Nov-2018 22:11:56.798 信息 [localhost-startStop-1] org.apache.catalina.startup.HostConfig.deployDirectory Deployment of web application directory D:\apache-tomcat-8.0.53\webapps\ch10 has finished in 684 ms
09-Nov-2018 22:11:56.798 信息 [localhost-startStop-1] org.apache.catalina.startup.HostConfig.deployDirectory Deploying web application directory D:\apache-tomcat-8.0.53\webapps\ch2
09-Nov-2018 22:11:56.827 信息 [localhost-startStop-1] org.apache.catalina.startup.HostConfig.deployDirectory Deployment of web application directory D:\apache-tomcat-8.0.53\webapps\ch2 has finished in 29 ms
09-Nov-2018 22:11:56.827 信息 [localhost-startStop-1] org.apache.catalina.startup.HostConfig.deployDirectory Deploying web application directory D:\apache-tomcat-8.0.53\webapps\ch3
09-Nov-2018 22:11:56.845 信息 [localhost-startStop-1] org.apache.catalina.startup.HostConfig.deployDirectory Deployment of web application directory D:\apache-tomcat-8.0.53\webapps\ch3 has finished in 18 ms
09-Nov-2018 22:11:56.845 信息 [localhost-startStop-1] org.apache.catalina.startup.HostConfig.deployDirectory Deploying web application directory D:\apache-tomcat-8.0.53\webapps\ch4
09-Nov-2018 22:11:56.893 信息 [localhost-startStop-1] org.apache.catalina.startup.HostConfig.deployDirectory Deployment of web application directory D:\apache-tomcat-8.0.53\webapps\ch4 has finished in 48 ms
09-Nov-2018 22:11:56.893 信息 [localhost-startStop-1] org.apache.catalina.startup.HostConfig.deployDirectory Deploying web application directory D:\apache-tomcat-8.0.53\webapps\ch5
09-Nov-2018 22:11:56.942 信息 [localhost-startStop-1] org.apache.catalina.startup.HostConfig.deployDirectory Deployment of web application directory D:\apache-tomcat-8.0.53\webapps\ch5 has finished in 49 ms
09-Nov-2018 22:11:56.942 信息 [localhost-startStop-1] org.apache.catalina.startup.HostConfig.deployDirectory Deploying web application directory D:\apache-tomcat-8.0.53\webapps\ch6
09-Nov-2018 22:11:57.005 信息 [localhost-startStop-1] org.apache.catalina.startup.HostConfig.deployDirectory Deployment of web application directory D:\apache-tomcat-8.0.53\webapps\ch6 has finished in 63 ms
09-Nov-2018 22:11:57.005 信息 [localhost-startStop-1] org.apache.catalina.startup.HostConfig.deployDirectory Deploying web application directory D:\apache-tomcat-8.0.53\webapps\ch7
09-Nov-2018 22:11:57.053 信息 [localhost-startStop-1] org.apache.catalina.startup.HostConfig.deployDirectory Deployment of web application directory D:\apache-tomcat-8.0.53\webapps\ch7 has finished in 48 ms
09-Nov-2018 22:11:57.053 信息 [localhost-startStop-1] org.apache.catalina.startup.HostConfig.deployDirectory Deploying web application directory D:\apache-tomcat-8.0.53\webapps\docs
09-Nov-2018 22:11:57.087 信息 [localhost-startStop-1] org.apache.catalina.startup.HostConfig.deployDirectory Deployment of web application directory D:\apache-tomcat-8.0.53\webapps\docs has finished in 34 ms
09-Nov-2018 22:11:57.087 信息 [localhost-startStop-1] org.apache.catalina.startup.HostConfig.deployDirectory Deploying web application directory D:\apache-tomcat-8.0.53\webapps\examples
09-Nov-2018 22:11:57.467 信息 [localhost-startStop-1] org.apache.catalina.startup.HostConfig.deployDirectory Deployment of web application directory D:\apache-tomcat-8.0.53\webapps\examples has finished in 380 ms
09-Nov-2018 22:11:57.467 信息 [localhost-startStop-1] org.apache.catalina.startup.HostConfig.deployDirectory Deploying web application directory D:\apache-tomcat-8.0.53\webapps\host-manager
09-Nov-2018 22:11:57.495 信息 [localhost-startStop-1] org.apache.catalina.startup.HostConfig.deployDirectory Deployment of web application directory D:\apache-tomcat-8.0.53\webapps\host-manager has finished in 28 ms
09-Nov-2018 22:11:57.495 信息 [localhost-startStop-1] org.apache.catalina.startup.HostConfig.deployDirectory Deploying web application directory D:\apache-tomcat-8.0.53\webapps\manager
09-Nov-2018 22:11:57.527 信息 [localhost-startStop-1] org.apache.catalina.startup.HostConfig.deployDirectory Deployment of web application directory D:\apache-tomcat-8.0.53\webapps\manager has finished in 32 ms
09-Nov-2018 22:11:57.527 信息 [localhost-startStop-1] org.apache.catalina.startup.HostConfig.deployDirectory Deploying web application directory D:\apache-tomcat-8.0.53\webapps\ROOT
09-Nov-2018 22:11:57.558 信息 [localhost-startStop-1] org.apache.catalina.startup.HostConfig.deployDirectory Deployment of web application directory D:\apache-tomcat-8.0.53\webapps\ROOT has finished in 31 ms
09-Nov-2018 22:11:57.558 信息 [main] org.apache.coyote.AbstractProtocol.start Starting ProtocolHandler ["http-apr-8080"]
09-Nov-2018 22:11:57.591 信息 [main] org.apache.coyote.AbstractProtocol.start Starting ProtocolHandler ["ajp-apr-8009"]
09-Nov-2018 22:11:57.591 信息 [main] org.apache.catalina.startup.Catalina.start Server startup in 1522 ms
09-Nov-2018 22:14:57.746 信息 [localhost-startStop-2] org.apache.catalina.startup.HostConfig.deployDirectory Deploying web application directory D:\apache-tomcat-8.0.53\webapps\新建文件夹
09-Nov-2018 22:14:57.779 信息 [localhost-startStop-2] org.apache.catalina.startup.HostConfig.deployDirectory Deployment of web application directory D:\apache-tomcat-8.0.53\webapps\新建文件夹 has finished in 33 ms
09-Nov-2018 22:15:08.302 信息 [ContainerBackgroundProcessor[StandardEngine[Catalina]]] org.apache.catalina.startup.HostConfig.undeploy Undeploying context [/新建文件夹]
09-Nov-2018 22:15:08.321 信息 [localhost-startStop-3] org.apache.catalina.startup.HostConfig.deployDirectory Deploying web application directory D:\apache-tomcat-8.0.53\webapps\ch1
09-Nov-2018 22:15:08.339 信息 [localhost-startStop-3] org.apache.catalina.startup.HostConfig.deployDirectory Deployment of web application directory D:\apache-tomcat-8.0.53\webapps\ch1 has finished in 18 ms
09-Nov-2018 22:29:58.496 信息 [Thread-3] org.apache.coyote.AbstractProtocol.pause Pausing ProtocolHandler ["http-apr-8080"]
