15-Nov-2018 13:35:59.042 信息 [localhost-startStop-1] org.apache.catalina.core.ApplicationContext.log ContextListener: contextInitialized()
15-Nov-2018 13:35:59.043 信息 [localhost-startStop-1] org.apache.catalina.core.ApplicationContext.log SessionListener: contextInitialized()
15-Nov-2018 13:35:59.048 信息 [localhost-startStop-1] org.apache.catalina.core.ApplicationContext.log ContextListener: attributeAdded('StockTicker', 'async.Stockticker@3fa088d1')
15-Nov-2018 13:36:49.696 严重 [http-apr-8080-exec-3] org.apache.catalina.core.StandardWrapperValve.invoke Servlet.service() for servlet [jsp] in context with path [/ch2] threw exception [Unsupported encoding: gb2321] with root cause
 org.apache.jasper.JasperException: Unsupported encoding: gb2321
	at org.apache.jasper.compiler.DefaultErrorHandler.jspError(DefaultErrorHandler.java:55)
	at org.apache.jasper.compiler.ErrorDispatcher.dispatch(ErrorDispatcher.java:277)
	at org.apache.jasper.compiler.ErrorDispatcher.jspError(ErrorDispatcher.java:75)
	at org.apache.jasper.compiler.JspUtil.getReader(JspUtil.java:906)
	at org.apache.jasper.compiler.ParserController.doParse(ParserController.java:223)
	at org.apache.jasper.compiler.ParserController.parseDirectives(ParserController.java:117)
	at org.apache.jasper.compiler.Compiler.generateJava(Compiler.java:196)
	at org.apache.jasper.compiler.Compiler.compile(Compiler.java:358)
	at org.apache.jasper.compiler.Compiler.compile(Compiler.java:338)
	at org.apache.jasper.compiler.Compiler.compile(Compiler.java:325)
	at org.apache.jasper.JspCompilationContext.compile(JspCompilationContext.java:580)
	at org.apache.jasper.servlet.JspServletWrapper.service(JspServletWrapper.java:363)
	at org.apache.jasper.servlet.JspServlet.serviceJspFile(JspServlet.java:396)
	at org.apache.jasper.servlet.JspServlet.service(JspServlet.java:340)
	at javax.servlet.http.HttpServlet.service(HttpServlet.java:729)
	at org.apache.catalina.core.ApplicationFilterChain.internalDoFilter(ApplicationFilterChain.java:292)
	at org.apache.catalina.core.ApplicationFilterChain.doFilter(ApplicationFilterChain.java:207)
	at org.apache.tomcat.websocket.server.WsFilter.doFilter(WsFilter.java:52)
	at org.apache.catalina.core.ApplicationFilterChain.internalDoFilter(ApplicationFilterChain.java:240)
	at org.apache.catalina.core.ApplicationFilterChain.doFilter(ApplicationFilterChain.java:207)
	at org.apache.catalina.core.StandardWrapperValve.invoke(StandardWrapperValve.java:212)
	at org.apache.catalina.core.StandardContextValve.invoke(StandardContextValve.java:94)
	at org.apache.catalina.authenticator.AuthenticatorBase.invoke(AuthenticatorBase.java:492)
	at org.apache.catalina.core.StandardHostValve.invoke(StandardHostValve.java:141)
	at org.apache.catalina.valves.ErrorReportValve.invoke(ErrorReportValve.java:80)
	at org.apache.catalina.valves.AbstractAccessLogValve.invoke(AbstractAccessLogValve.java:620)
	at org.apache.catalina.core.StandardEngineValve.invoke(StandardEngineValve.java:88)
	at org.apache.catalina.connector.CoyoteAdapter.service(CoyoteAdapter.java:502)
	at org.apache.coyote.http11.AbstractHttp11Processor.process(AbstractHttp11Processor.java:1152)
	at org.apache.coyote.AbstractProtocol$AbstractConnectionHandler.process(AbstractProtocol.java:684)
	at org.apache.tomcat.util.net.AprEndpoint$SocketProcessor.doRun(AprEndpoint.java:2527)
	at org.apache.tomcat.util.net.AprEndpoint$SocketProcessor.run(AprEndpoint.java:2516)
	at java.util.concurrent.ThreadPoolExecutor.runWorker(ThreadPoolExecutor.java:1142)
	at java.util.concurrent.ThreadPoolExecutor$Worker.run(ThreadPoolExecutor.java:617)
	at org.apache.tomcat.util.threads.TaskThread$WrappingRunnable.run(TaskThread.java:61)
	at java.lang.Thread.run(Thread.java:745)

